<?xml version="1.0" encoding="utf-8"?>
<TestRun id="099ca5d0-1ee2-469f-bf54-6764a8c521ff" name="Admin@LAPTOP-IATLN9KI 2026-07-06 10:47:08" runUser="LAPTOP-IATLN9KI\Admin" xmlns="http://microsoft.com/schemas/VisualStudio/TeamTest/2010">
  <Times creation="2026-07-06T10:47:08.6353329+07:00" queuing="2026-07-06T10:47:08.6353334+07:00" start="2026-07-06T10:47:08.1990549+07:00" finish="2026-07-06T10:47:09.8235290+07:00" />
  <TestSettings name="default" id="4c374894-ba81-4152-808c-950f541231f0">
    <Deployment runDeploymentRoot="Admin_LAPTOP-IATLN9KI_2026-07-06_10_47_08" />
  </TestSettings>
  <Results>
    <UnitTestResult executionId="af41b4c6-4e55-434e-b6a2-9ccd09dda677" testId="e864a0ac-722e-13e1-40c5-1ff6678a8a5b" testName="Cms.Service.Tests.Taxonomy.ServiceTests.GetByIdAsync_WhenDeleted_ShouldThrowNotFound" computerName="LAPTOP-IATLN9KI" duration="00:00:00.0017976" startTime="2026-07-06T10:47:09.3992715+07:00" endTime="2026-07-06T10:47:09.3992717+07:00" testType="13cdc9d9-ddb5-4fa4-a97d-d965ccfc6d4b" outcome="Passed" testListId="8c84fa94-04c1-424b-9868-57a2d4851a1d" relativeResultsDirectory="af41b4c6-4e55-434e-b6a2-9ccd09dda677" />
    <UnitTestResult executionId="08941985-d4aa-43ed-98fd-590dc0dfac1c" testId="fbe2c9e1-359f-8e94-4406-ff805c9b7f18" testName="Cms.Service.Tests.Blog.ServiceTests.GetAllAsync_WithNoBlogs_ShouldReturnEmpty" computerName="LAPTOP-IATLN9KI" duration="00:00:00.0010701" startTime="2026-07-06T10:47:09.3234891+07:00" endTime="2026-07-06T10:47:09.3234892+07:00" testType="13cdc9d9-ddb5-4fa4-a97d-d965ccfc6d4b" outcome="Passed" testListId="8c84fa94-04c1-424b-9868-57a2d4851a1d" relativeResultsDirectory="08941985-d4aa-43ed-98fd-590dc0dfac1c" />
    <UnitTestResult executionId="953f2691-f58e-4055-8fd4-d832606f5095" testId="42c74111-79a9-a3c5-ec6d-efad0f88ba96" testName="Cms.Service.Tests.JwtSvc.ServiceTests.GenerateAccessToken_WithEmptyKey_ShouldThrow" computerName="LAPTOP-IATLN9KI" duration="00:00:00.0132957" startTime="2026-07-06T10:47:08.6183564+07:00" endTime="2026-07-06T10:47:08.6183565+07:00" testType="13cdc9d9-ddb5-4fa4-a97d-d965ccfc6d4b" outcome="Passed" testListId="8c84fa94-04c1-424b-9868-57a2d4851a1d" relativeResultsDirectory="953f2691-f58e-4055-8fd4-d832606f5095" />
    <UnitTestResult executionId="7fb3b40c-8543-4f50-9374-5cc32588ba88" testId="f6399541-c962-2551-4658-fe6d90cf1585" testName="Cms.Service.Tests.Taxonomy.ServiceTests.DeleteAsync_WhenExists_ShouldSoftDeleteAndReturnMessage" computerName="LAPTOP-IATLN9KI" duration="00:00:00.0059840" startTime="2026-07-06T10:47:09.3292646+07:00" endTime="2026-07-06T10:47:09.3292650+07:00" testType="13cdc9d9-ddb5-4fa4-a97d-d965ccfc6d4b" outcome="Passed" testListId="8c84fa94-04c1-424b-9868-57a2d4851a1d" relativeResultsDirectory="7fb3b40c-8543-4f50-9374-5cc32588ba88" />
    <UnitTestResult executionId="94311690-a1b4-4df4-8198-e4dac419036e" testId="8235efa7-40bd-4767-84b6-aa75d605ffd4" testName="Cms.Service.Tests.Utils.SlugTests.GenerateSlug_VietnameseText_ShouldRemoveDiacritics(input: &quot;Miền Bắc&quot;, expected: &quot;mien-bac&quot;)" computerName="LAPTOP-IATLN9KI" duration="00:00:00.0001080" startTime="2026-07-06T10:47:08.6198956+07:00" endTime="2026-07-06T10:47:08.6198957+07:00" testType="13cdc9d9-ddb5-4fa4-a97d-d965ccfc6d4b" outcome="Passed" testListId="8c84fa94-04c1-424b-9868-57a2d4851a1d" relativeResultsDirectory="94311690-a1b4-4df4-8198-e4dac419036e" />
    <UnitTestResult executionId="82d49d49-4c59-4e90-8ed5-99665c3c4859" testId="5f04b7ac-46c2-79bc-3896-945b568682b3" testName="Cms.Service.Tests.Taxonomy.ServiceTests.DeleteAsync_WhenTaxonomyExists_ShouldSoftDelete" computerName="LAPTOP-IATLN9KI" duration="00:00:00.0058299" startTime="2026-07-06T10:47:09.3232098+07:00" endTime="2026-07-06T10:47:09.3232100+07:00" testType="13cdc9d9-ddb5-4fa4-a97d-d965ccfc6d4b" outcome="Passed" testListId="8c84fa94-04c1-424b-9868-57a2d4851a1d" relativeResultsDirectory="82d49d49-4c59-4e90-8ed5-99665c3c4859" />
    <UnitTestResult executionId="9105653e-97c1-47a3-b47d-0cc6867deb47" testId="68880637-2d5c-8550-8934-542cfead6b81" testName="Cms.Service.Tests.Utils.SlugTests.GenerateSlug_WithNumbers_ShouldKeepDigits(input: &quot;Room 101&quot;, expected: &quot;room-101&quot;)" computerName="LAPTOP-IATLN9KI" duration="00:00:00.0000869" startTime="2026-07-06T10:47:08.6183812+07:00" endTime="2026-07-06T10:47:08.6183813+07:00" testType="13cdc9d9-ddb5-4fa4-a97d-d965ccfc6d4b" outcome="Passed" testListId="8c84fa94-04c1-424b-9868-57a2d4851a1d" relativeResultsDirectory="9105653e-97c1-47a3-b47d-0cc6867deb47" />
    <UnitTestResult executionId="f1fa460b-ff43-42ed-8bc0-318471ffc3a1" testId="daa26424-69f8-b207-6b50-2434f1b2582b" testName="Cms.Service.Tests.Utils.SlugTests.GenerateSlug_OnlySpecialChars_ShouldReturnEmpty(input: &quot;@#$%^&amp;*()&quot;)" computerName="LAPTOP-IATLN9KI" duration="00:00:00.0000204" startTime="2026-07-06T10:47:08.6109234+07:00" endTime="2026-07-06T10:47:08.6109236+07:00" testType="13cdc9d9-ddb5-4fa4-a97d-d965ccfc6d4b" outcome="Passed" testListId="8c84fa94-04c1-424b-9868-57a2d4851a1d" relativeResultsDirectory="f1fa460b-ff43-42ed-8bc0-318471ffc3a1" />
    <UnitTestResult executionId="15eef22b-db02-4c73-a475-6394ece37f9e" testId="ee236dbf-e761-6df0-3071-88670767b6ac" testName="Cms.Service.Tests.CloudinaryService.ServiceTests.UploadImageAsync_WithEmptyFile_ShouldThrowBadRequest" computerName="LAPTOP-IATLN9KI" duration="00:00:00.0770257" startTime="2026-07-06T10:47:08.6729018+07:00" endTime="2026-07-06T10:47:08.6729022+07:00" testType="13cdc9d9-ddb5-4fa4-a97d-d965ccfc6d4b" outcome="Passed" testListId="8c84fa94-04c1-424b-9868-57a2d4851a1d" relativeResultsDirectory="15eef22b-db02-4c73-a475-6394ece37f9e" />
    <UnitTestResult executionId="62e5e405-88e4-4cd6-a498-46cbe3870041" testId="06e247d9-e1bb-de08-6f09-fa70f7791d5c" testName="Cms.Service.Tests.Service.ServiceTests.CreateHotelAsync_WithValidRequest_ShouldCreateHotelWithChildren" computerName="LAPTOP-IATLN9KI" duration="00:00:00.0176948" startTime="2026-07-06T10:47:09.6974168+07:00" endTime="2026-07-06T10:47:09.6974171+07:00" testType="13cdc9d9-ddb5-4fa4-a97d-d965ccfc6d4b" outcome="Passed" testListId="8c84fa94-04c1-424b-9868-57a2d4851a1d" relativeResultsDirectory="62e5e405-88e4-4cd6-a498-46cbe3870041" />
    <UnitTestResult executionId="802c4ef1-b485-4f03-8b21-b4fe5881f903" testId="65c7e28c-aa5e-4bbb-dcaa-e9882ed79b85" testName="Cms.Service.Tests.SiteSetting.ServiceTests.CreateAsync_WithValidRequest_ShouldCreateSiteSetting" computerName="LAPTOP-IATLN9KI" duration="00:00:00.0029979" startTime="2026-07-06T10:47:09.2976937+07:00" endTime="2026-07-06T10:47:09.2976938+07:00" testType="13cdc9d9-ddb5-4fa4-a97d-d965ccfc6d4b" outcome="Passed" testListId="8c84fa94-04c1-424b-9868-57a2d4851a1d" relativeResultsDirectory="802c4ef1-b485-4f03-8b21-b4fe5881f903" />
    <UnitTestResult executionId="53ae347e-e9a5-4f5a-979a-987ea30ef36b" testId="7edcf287-64e4-f7e5-7cf2-1922044f53e4" testName="Cms.Service.Tests.PageContent.ServiceTests.CreateAsync_WithParentId_WhenParentNotFound_ShouldThrowNotFound" computerName="LAPTOP-IATLN9KI" duration="00:00:00.0038875" startTime="2026-07-06T10:47:09.3431711+07:00" endTime="2026-07-06T10:47:09.3431714+07:00" testType="13cdc9d9-ddb5-4fa4-a97d-d965ccfc6d4b" outcome="Passed" testListId="8c84fa94-04c1-424b-9868-57a2d4851a1d" relativeResultsDirectory="53ae347e-e9a5-4f5a-979a-987ea30ef36b" />
    <UnitTestResult executionId="17a1b3de-2917-4ca7-a30a-536502f810d6" testId="c99f181c-f6d6-a02f-ea1d-1bac8a7012ca" testName="Cms.Service.Tests.Taxonomy.ServiceTests.DeleteAsync_WhenInUseByDeletedService_ShouldAllowDelete" computerName="LAPTOP-IATLN9KI" duration="00:00:00.0019138" startTime="2026-07-06T10:47:09.3652557+07:00" endTime="2026-07-06T10:47:09.3652558+07:00" testType="13cdc9d9-ddb5-4fa4-a97d-d965ccfc6d4b" outcome="Passed" testListId="8c84fa94-04c1-424b-9868-57a2d4851a1d" relativeResultsDirectory="17a1b3de-2917-4ca7-a30a-536502f810d6" />
    <UnitTestResult executionId="39fa7d17-1290-479b-b887-84ee610ccf31" testId="ff46e898-1bf8-3d48-02a7-3b6a88f2e1b7" testName="Cms.Service.Tests.Taxonomy.ServiceTests.GetByIdAsync_WhenExists_ShouldReturnTaxonomy" computerName="LAPTOP-IATLN9KI" duration="00:00:00.0015090" startTime="2026-07-06T10:47:09.3365197+07:00" endTime="2026-07-06T10:47:09.3365200+07:00" testType="13cdc9d9-ddb5-4fa4-a97d-d965ccfc6d4b" outcome="Passed" testListId="8c84fa94-04c1-424b-9868-57a2d4851a1d" relativeResultsDirectory="39fa7d17-1290-479b-b887-84ee610ccf31" />
    <UnitTestResult executionId="2174a0e5-5fac-42b8-9913-c96d5986b67f" testId="ef7d8c3c-65db-b57e-7a4b-9ba953a9cb92" testName="Cms.Service.Tests.MailSvc.ServiceTests.SendMail_WhenConfigMissing_ShouldNotThrow_BestEffort" computerName="LAPTOP-IATLN9KI" duration="00:00:00.0004070" startTime="2026-07-06T10:47:08.7160642+07:00" endTime="2026-07-06T10:47:08.7160643+07:00" testType="13cdc9d9-ddb5-4fa4-a97d-d965ccfc6d4b" outcome="Passed" testListId="8c84fa94-04c1-424b-9868-57a2d4851a1d" relativeResultsDirectory="2174a0e5-5fac-42b8-9913-c96d5986b67f" />
    <UnitTestResult executionId="edcc9a3c-32ea-49f8-9d2f-6ec055012520" testId="ad243e2d-8178-4ff5-0cba-d7175fc082e6" testName="Cms.Service.Tests.Taxonomy.ServiceTests.CreateAsync_WithEmptySlugGeneration_ShouldFallbackToGuid" computerName="LAPTOP-IATLN9KI" duration="00:00:00.0052162" startTime="2026-07-06T10:47:09.3506242+07:00" endTime="2026-07-06T10:47:09.3506243+07:00" testType="13cdc9d9-ddb5-4fa4-a97d-d965ccfc6d4b" outcome="Passed" testListId="8c84fa94-04c1-424b-9868-57a2d4851a1d" relativeResultsDirectory="edcc9a3c-32ea-49f8-9d2f-6ec055012520" />
    <UnitTestResult executionId="dd45b8a4-ffbe-46f1-a96f-883e2241ad99" testId="38ea3c4f-1df0-9336-7230-ee47095c4a24" testName="Cms.Service.Tests.Taxonomy.ServiceTests.GetAllAsync_WithGroupFilter_ShouldReturnMatching" computerName="LAPTOP-IATLN9KI" duration="00:00:00.0064469" startTime="2026-07-06T10:47:09.3750240+07:00" endTime="2026-07-06T10:47:09.3750241+07:00" testType="13cdc9d9-ddb5-4fa4-a97d-d965ccfc6d4b" outcome="Passed" testListId="8c84fa94-04c1-424b-9868-57a2d4851a1d" relativeResultsDirectory="dd45b8a4-ffbe-46f1-a96f-883e2241ad99" />
    <UnitTestResult executionId="7e32bd89-5f73-41e5-bb45-211570761261" testId="8ce25714-5904-f7f1-645b-e3ad7469c13f" testName="Cms.Service.Tests.Blog.ServiceTests.CreateAsync_WithTitleGeneratingEmptySlug_ShouldFallbackToGuid" computerName="LAPTOP-IATLN9KI" duration="00:00:00.0012584" startTime="2026-07-06T10:47:09.3720190+07:00" endTime="2026-07-06T10:47:09.3720191+07:00" testType="13cdc9d9-ddb5-4fa4-a97d-d965ccfc6d4b" outcome="Passed" testListId="8c84fa94-04c1-424b-9868-57a2d4851a1d" relativeResultsDirectory="7e32bd89-5f73-41e5-bb45-211570761261" />
    <UnitTestResult executionId="4c23c316-babc-4e8e-ab9a-0f2a933143a7" testId="56f50a33-3057-bfea-dc40-ec76e56404bc" testName="Cms.Service.Tests.Utils.SlugTests.GenerateSlug_VietnameseText_ShouldRemoveDiacritics(input: &quot;Ước Mơ&quot;, expected: &quot;uoc-mo&quot;)" computerName="LAPTOP-IATLN9KI" duration="00:00:00.0000060" startTime="2026-07-06T10:47:08.6199783+07:00" endTime="2026-07-06T10:47:08.6199783+07:00" testType="13cdc9d9-ddb5-4fa4-a97d-d965ccfc6d4b" outcome="Passed" testListId="8c84fa94-04c1-424b-9868-57a2d4851a1d" relativeResultsDirectory="4c23c316-babc-4e8e-ab9a-0f2a933143a7" />
    <UnitTestResult executionId="f9b142bb-fefd-48ce-b6f7-ac7d2c9b04a2" testId="3896abd9-3f55-6bee-d015-0c477184ec99" testName="Cms.Service.Tests.Utils.SlugTests.GenerateSlug_MixedSeparatorsAndPunctuation_ShouldNormalize(input: &quot;100% Pure&quot;, expected: &quot;100-pure&quot;)" computerName="LAPTOP-IATLN9KI" duration="00:00:00.0000092" startTime="2026-07-06T10:47:08.6182205+07:00" endTime="2026-07-06T10:47:08.6182207+07:00" testType="13cdc9d9-ddb5-4fa4-a97d-d965ccfc6d4b" outcome="Passed" testListId="8c84fa94-04c1-424b-9868-57a2d4851a1d" relativeResultsDirectory="f9b142bb-fefd-48ce-b6f7-ac7d2c9b04a2" />
    <UnitTestResult executionId="68cd9b77-964b-459b-bea0-9e64c755bde0" testId="a0f232f8-ebcb-a3a9-81a8-aad9505193d1" testName="Cms.Service.Tests.Service.ServiceTests.GetByKeyAsync_WhenDeleted_ShouldThrowNotFound" computerName="LAPTOP-IATLN9KI" duration="00:00:00.0026685" startTime="2026-07-06T10:47:09.6750694+07:00" endTime="2026-07-06T10:47:09.6750698+07:00" testType="13cdc9d9-ddb5-4fa4-a97d-d965ccfc6d4b" outcome="Passed" testListId="8c84fa94-04c1-424b-9868-57a2d4851a1d" relativeResultsDirectory="68cd9b77-964b-459b-bea0-9e64c755bde0" />
    <UnitTestResult executionId="8eedbfd4-3bdf-4eaf-acdf-e97e5cd4b4f8" testId="9664a077-4a53-f469-d319-f9a7a5f9604b" testName="Cms.Service.Tests.Form.ServiceTests.CreateAdviseAsync_WithValidRequest_ShouldCreateFormAndSendMail" computerName="LAPTOP-IATLN9KI" duration="00:00:00.0071500" startTime="2026-07-06T10:47:09.4322704+07:00" endTime="2026-07-06T10:47:09.4322707+07:00" testType="13cdc9d9-ddb5-4fa4-a97d-d965ccfc6d4b" outcome="Passed" testListId="8c84fa94-04c1-424b-9868-57a2d4851a1d" relativeResultsDirectory="8eedbfd4-3bdf-4eaf-acdf-e97e5cd4b4f8" />
    <UnitTestResult executionId="4781bda8-a358-4471-9f46-ac42dfcaca5b" testId="a4834687-0d44-2b96-74b5-023af3966e9d" testName="Cms.Service.Tests.Service.ServiceTests.CreateTourAsync_WithValidRequest_ShouldCreateTourWithChildren" computerName="LAPTOP-IATLN9KI" duration="00:00:00.0039799" startTime="2026-07-06T10:47:09.7209006+07:00" endTime="2026-07-06T10:47:09.7209007+07:00" testType="13cdc9d9-ddb5-4fa4-a97d-d965ccfc6d4b" outcome="Passed" testListId="8c84fa94-04c1-424b-9868-57a2d4851a1d" relativeResultsDirectory="4781bda8-a358-4471-9f46-ac42dfcaca5b" />
    <UnitTestResult executionId="9fbdfe2c-ab97-401a-99ff-03144084c14e" testId="1dea4006-bfc6-697e-2d9b-159a34b90f7e" testName="Cms.Service.Tests.Blog.ServiceTests.GetAllAsync_WithNonPositivePaging_ShouldUseDefaults(pageIndex: -1, pageSize: -5)" computerName="LAPTOP-IATLN9KI" duration="00:00:00.0028886" startTime="2026-07-06T10:47:09.2945349+07:00" endTime="2026-07-06T10:47:09.2945352+07:00" testType="13cdc9d9-ddb5-4fa4-a97d-d965ccfc6d4b" outcome="Passed" testListId="8c84fa94-04c1-424b-9868-57a2d4851a1d" relativeResultsDirectory="9fbdfe2c-ab97-401a-99ff-03144084c14e" />
    <UnitTestResult executionId="3de70679-3398-4edf-b39d-f7e05c6df220" testId="e2efe585-f375-6777-7964-65754ff5c0ba" testName="Cms.Service.Tests.Auth.ServiceTests.Login_WithBothWrong_ShouldThrowUnauthorized" computerName="LAPTOP-IATLN9KI" duration="00:00:00.0004137" startTime="2026-07-06T10:47:08.6415634+07:00" endTime="2026-07-06T10:47:08.6415638+07:00" testType="13cdc9d9-ddb5-4fa4-a97d-d965ccfc6d4b" outcome="Passed" testListId="8c84fa94-04c1-424b-9868-57a2d4851a1d" relativeResultsDirectory="3de70679-3398-4edf-b39d-f7e05c6df220" />
    <UnitTestResult executionId="f7f1e7fc-0b41-4fd8-a6a1-7b9ae3b0bbb8" testId="0e6fdfca-a6e4-7564-7263-a136f067e560" testName="Cms.Service.Tests.Taxonomy.ServiceTests.DeleteAsync_WhenTaxonomyIsReferencedByService_ShouldThrowConflict" computerName="LAPTOP-IATLN9KI" duration="00:00:00.0097706" startTime="2026-07-06T10:47:09.2972827+07:00" endTime="2026-07-06T10:47:09.2972829+07:00" testType="13cdc9d9-ddb5-4fa4-a97d-d965ccfc6d4b" outcome="Passed" testListId="8c84fa94-04c1-424b-9868-57a2d4851a1d" relativeResultsDirectory="f7f1e7fc-0b41-4fd8-a6a1-7b9ae3b0bbb8" />
    <UnitTestResult executionId="9a209482-cd76-4a57-af3a-de7516b53e26" testId="8d1fdc48-7fe6-3e79-6451-36d457f4a6a2" testName="Cms.Service.Tests.Service.ServiceTests.GetAllAsync_ShouldExcludeDeleted" computerName="LAPTOP-IATLN9KI" duration="00:00:00.0154674" startTime="2026-07-06T10:47:09.5226156+07:00" endTime="2026-07-06T10:47:09.5226158+07:00" testType="13cdc9d9-ddb5-4fa4-a97d-d965ccfc6d4b" outcome="Passed" testListId="8c84fa94-04c1-424b-9868-57a2d4851a1d" relativeResultsDirectory="9a209482-cd76-4a57-af3a-de7516b53e26" />
    <UnitTestResult executionId="b7d25caa-2d2c-4310-8070-f3c74a025c27" testId="98338606-79dd-754d-5c44-bcf7148c3e10" testName="Cms.Service.Tests.Form.ServiceTests.CreateComboAsync_WithInvalidRoomCategory_ShouldThrowBadRequest" computerName="LAPTOP-IATLN9KI" duration="00:00:00.0024646" startTime="2026-07-06T10:47:09.4703667+07:00" endTime="2026-07-06T10:47:09.4703670+07:00" testType="13cdc9d9-ddb5-4fa4-a97d-d965ccfc6d4b" outcome="Passed" testListId="8c84fa94-04c1-424b-9868-57a2d4851a1d" relativeResultsDirectory="b7d25caa-2d2c-4310-8070-f3c74a025c27" />
    <UnitTestResult executionId="dec8cc03-4b43-42a9-82fa-9ba80f4846de" testId="d0f27f46-7ff8-6b7a-d816-5d13e3143938" testName="Cms.Service.Tests.JwtSvc.ServiceTests.GenerateAccessToken_ShouldSetExpiryFromOption" computerName="LAPTOP-IATLN9KI" duration="00:00:00.0008984" startTime="2026-07-06T10:47:08.6488654+07:00" endTime="2026-07-06T10:47:08.6488657+07:00" testType="13cdc9d9-ddb5-4fa4-a97d-d965ccfc6d4b" outcome="Passed" testListId="8c84fa94-04c1-424b-9868-57a2d4851a1d" relativeResultsDirectory="dec8cc03-4b43-42a9-82fa-9ba80f4846de" />
    <UnitTestResult executionId="ba79ec02-8f97-4a87-b2ce-d187602f5d96" testId="c5d042ad-a092-12a0-1018-efea98bebcf3" testName="Cms.Service.Tests.Blog.ServiceTests.GetByIdAsync_WhenNotFound_ShouldThrowNotFound" computerName="LAPTOP-IATLN9KI" duration="00:00:00.0013300" startTime="2026-07-06T10:47:09.3674335+07:00" endTime="2026-07-06T10:47:09.3674336+07:00" testType="13cdc9d9-ddb5-4fa4-a97d-d965ccfc6d4b" outcome="Passed" testListId="8c84fa94-04c1-424b-9868-57a2d4851a1d" relativeResultsDirectory="ba79ec02-8f97-4a87-b2ce-d187602f5d96" />
    <UnitTestResult executionId="ceddbb68-26d8-4653-83e8-6cc92b4d7dfd" testId="e82b0618-b94b-8a23-61ad-7b5078bcc2c7" testName="Cms.Service.Tests.Utils.SlugTests.GenerateSlug_VietnameseText_ShouldRemoveDiacritics(input: &quot;Đà Lạt mộng mơ&quot;, expected: &quot;da-lat-mong-mo&quot;)" computerName="LAPTOP-IATLN9KI" duration="00:00:00.0000079" startTime="2026-07-06T10:47:08.6199589+07:00" endTime="2026-07-06T10:47:08.6199590+07:00" testType="13cdc9d9-ddb5-4fa4-a97d-d965ccfc6d4b" outcome="Passed" testListId="8c84fa94-04c1-424b-9868-57a2d4851a1d" relativeResultsDirectory="ceddbb68-26d8-4653-83e8-6cc92b4d7dfd" />
    <UnitTestResult executionId="dcce1d71-74b7-4557-9b24-38847afcb2ca" testId="321c933e-8346-a1c4-0a33-15bb850877a1" testName="Cms.Service.Tests.Utils.SlugTests.GenerateSlug_OnlySpecialChars_ShouldReturnEmpty(input: &quot;——&quot;)" computerName="LAPTOP-IATLN9KI" duration="00:00:00.0094162" startTime="2026-07-06T10:47:08.6079717+07:00" endTime="2026-07-06T10:47:08.6079836+07:00" testType="13cdc9d9-ddb5-4fa4-a97d-d965ccfc6d4b" outcome="Passed" testListId="8c84fa94-04c1-424b-9868-57a2d4851a1d" relativeResultsDirectory="dcce1d71-74b7-4557-9b24-38847afcb2ca" />
    <UnitTestResult executionId="a6c14133-c343-4894-9009-a3534df08654" testId="bef98151-b4a2-deaf-a9db-2160c2d72344" testName="Cms.Service.Tests.PageContent.ServiceTests.DeleteAsync_WhenPageContentExists_ShouldSoftDelete" computerName="LAPTOP-IATLN9KI" duration="00:00:00.0051687" startTime="2026-07-06T10:47:09.4030579+07:00" endTime="2026-07-06T10:47:09.4030581+07:00" testType="13cdc9d9-ddb5-4fa4-a97d-d965ccfc6d4b" outcome="Passed" testListId="8c84fa94-04c1-424b-9868-57a2d4851a1d" relativeResultsDirectory="a6c14133-c343-4894-9009-a3534df08654" />
    <UnitTestResult executionId="da822e06-5092-46de-bea2-f556525cbe04" testId="b9cdd684-7915-9704-09c7-07a7e3090e3e" testName="Cms.Service.Tests.Blog.ServiceTests.DeleteAsync_WhenBlogDoesNotExist_ShouldThrowNotFound" computerName="LAPTOP-IATLN9KI" duration="00:00:00.0017088" startTime="2026-07-06T10:47:09.3707052+07:00" endTime="2026-07-06T10:47:09.3707053+07:00" testType="13cdc9d9-ddb5-4fa4-a97d-d965ccfc6d4b" outcome="Passed" testListId="8c84fa94-04c1-424b-9868-57a2d4851a1d" relativeResultsDirectory="da822e06-5092-46de-bea2-f556525cbe04" />
    <UnitTestResult executionId="73240919-3028-4050-8f77-95f839239b37" testId="ec32263d-0325-16ee-1b04-47960b3cdc2e" testName="Cms.Service.Tests.Blog.ServiceTests.DeleteAsync_WhenExists_ShouldSoftDeleteAndReturnMessage" computerName="LAPTOP-IATLN9KI" duration="00:00:00.0115628" startTime="2026-07-06T10:47:09.3202590+07:00" endTime="2026-07-06T10:47:09.3202592+07:00" testType="13cdc9d9-ddb5-4fa4-a97d-d965ccfc6d4b" outcome="Passed" testListId="8c84fa94-04c1-424b-9868-57a2d4851a1d" relativeResultsDirectory="73240919-3028-4050-8f77-95f839239b37" />
    <UnitTestResult executionId="4b447260-6726-49e8-af47-e26ae4c98bcd" testId="5aad4ef0-3c2f-7f15-4a8e-654db373d507" testName="Cms.Service.Tests.PageContent.ServiceTests.GetByIdAsync_WhenExists_ShouldReturnWithChildrenTree" computerName="LAPTOP-IATLN9KI" duration="00:00:00.0021004" startTime="2026-07-06T10:47:09.3760599+07:00" endTime="2026-07-06T10:47:09.3760599+07:00" testType="13cdc9d9-ddb5-4fa4-a97d-d965ccfc6d4b" outcome="Passed" testListId="8c84fa94-04c1-424b-9868-57a2d4851a1d" relativeResultsDirectory="4b447260-6726-49e8-af47-e26ae4c98bcd" />
    <UnitTestResult executionId="75df5dc7-53c1-4344-9aeb-785d1d6298b8" testId="23200760-0ceb-35fe-dcea-a038daced7b4" testName="Cms.Service.Tests.PageContent.ServiceTests.GetByIdAsync_WhenPageContentExists_ShouldReturnPageContent" computerName="LAPTOP-IATLN9KI" duration="00:00:00.0135903" startTime="2026-07-06T10:47:09.3166645+07:00" endTime="2026-07-06T10:47:09.3166647+07:00" testType="13cdc9d9-ddb5-4fa4-a97d-d965ccfc6d4b" outcome="Passed" testListId="8c84fa94-04c1-424b-9868-57a2d4851a1d" relativeResultsDirectory="75df5dc7-53c1-4344-9aeb-785d1d6298b8" />
    <UnitTestResult executionId="d680c6f6-5813-40d3-a480-94faa56b36d3" testId="bc4d6279-8c42-5472-6652-fbb6361f48e3" testName="Cms.Service.Tests.PageContent.ServiceTests.DeleteAsync_WhenExists_ShouldSoftDeleteAndReturnMessage" computerName="LAPTOP-IATLN9KI" duration="00:00:00.6949326" startTime="2026-07-06T10:47:09.2908313+07:00" endTime="2026-07-06T10:47:09.2908316+07:00" testType="13cdc9d9-ddb5-4fa4-a97d-d965ccfc6d4b" outcome="Passed" testListId="8c84fa94-04c1-424b-9868-57a2d4851a1d" relativeResultsDirectory="d680c6f6-5813-40d3-a480-94faa56b36d3" />
    <UnitTestResult executionId="440e9b3a-555e-48d0-aed3-50121f7eabbe" testId="ce780177-1c1b-73d5-563a-185c8e22d0a9" testName="Cms.Service.Tests.Taxonomy.ServiceTests.DeleteAsync_WhenInUseByService_ShouldThrowConflict" computerName="LAPTOP-IATLN9KI" duration="00:00:00.0021130" startTime="2026-07-06T10:47:09.3810481+07:00" endTime="2026-07-06T10:47:09.3810483+07:00" testType="13cdc9d9-ddb5-4fa4-a97d-d965ccfc6d4b" outcome="Passed" testListId="8c84fa94-04c1-424b-9868-57a2d4851a1d" relativeResultsDirectory="440e9b3a-555e-48d0-aed3-50121f7eabbe" />
    <UnitTestResult executionId="4193f95f-f4c1-4aab-9213-60d147aca58d" testId="7446730e-9ad6-4f25-8ad0-ef800d8c5f5a" testName="Cms.Service.Tests.PageContent.ServiceTests.CreateAsync_WithParentId_WhenParentExists_ShouldCreateWithParent" computerName="LAPTOP-IATLN9KI" duration="00:00:00.0020756" startTime="2026-07-06T10:47:09.3804201+07:00" endTime="2026-07-06T10:47:09.3804202+07:00" testType="13cdc9d9-ddb5-4fa4-a97d-d965ccfc6d4b" outcome="Passed" testListId="8c84fa94-04c1-424b-9868-57a2d4851a1d" relativeResultsDirectory="4193f95f-f4c1-4aab-9213-60d147aca58d" />
    <UnitTestResult executionId="adaaad3d-3691-4c7d-a5db-ee08382ca40d" testId="6a21f1b7-4a92-f392-e5da-85c2552448ba" testName="Cms.Service.Tests.Utils.SlugTests.GenerateSlug_WithNumbers_ShouldKeepDigits(input: &quot;Combo 2024&quot;, expected: &quot;combo-2024&quot;)" computerName="LAPTOP-IATLN9KI" duration="00:00:00.0001159" startTime="2026-07-06T10:47:08.6184163+07:00" endTime="2026-07-06T10:47:08.6184164+07:00" testType="13cdc9d9-ddb5-4fa4-a97d-d965ccfc6d4b" outcome="Passed" testListId="8c84fa94-04c1-424b-9868-57a2d4851a1d" relativeResultsDirectory="adaaad3d-3691-4c7d-a5db-ee08382ca40d" />
    <UnitTestResult executionId="183c738b-4647-432b-a8f8-bd5985cd472f" testId="9e4cb736-82e6-0f63-674e-22eda9c26ff7" testName="Cms.Service.Tests.Taxonomy.ServiceTests.CreateAsync_WithDuplicateSlug_ShouldAppendSuffix" computerName="LAPTOP-IATLN9KI" duration="00:00:00.0022529" startTime="2026-07-06T10:47:09.3773373+07:00" endTime="2026-07-06T10:47:09.3773375+07:00" testType="13cdc9d9-ddb5-4fa4-a97d-d965ccfc6d4b" outcome="Passed" testListId="8c84fa94-04c1-424b-9868-57a2d4851a1d" relativeResultsDirectory="183c738b-4647-432b-a8f8-bd5985cd472f" />
    <UnitTestResult executionId="371a28ea-e26f-46c6-9c4e-70b71a6633b0" testId="fb8cfc7d-601a-d9ac-1233-9c99f8a12e48" testName="Cms.Service.Tests.Blog.ServiceTests.CreateAsync_WithDuplicateTitle_ShouldAppendSuffix" computerName="LAPTOP-IATLN9KI" duration="00:00:00.0065414" startTime="2026-07-06T10:47:09.3086435+07:00" endTime="2026-07-06T10:47:09.3086437+07:00" testType="13cdc9d9-ddb5-4fa4-a97d-d965ccfc6d4b" outcome="Passed" testListId="8c84fa94-04c1-424b-9868-57a2d4851a1d" relativeResultsDirectory="371a28ea-e26f-46c6-9c4e-70b71a6633b0" />
    <UnitTestResult executionId="a1391e51-7be7-45b0-a6db-c87d0cb64048" testId="910804c7-7062-9318-fee2-0e0479339e2c" testName="Cms.Service.Tests.PageContent.ServiceTests.GetAllAsync_BySectionKey_ShouldReturnMatching" computerName="LAPTOP-IATLN9KI" duration="00:00:00.0120702" startTime="2026-07-06T10:47:09.3029781+07:00" endTime="2026-07-06T10:47:09.3029783+07:00" testType="13cdc9d9-ddb5-4fa4-a97d-d965ccfc6d4b" outcome="Passed" testListId="8c84fa94-04c1-424b-9868-57a2d4851a1d" relativeResultsDirectory="a1391e51-7be7-45b0-a6db-c87d0cb64048" />
    <UnitTestResult executionId="a9386940-01b3-408b-903b-7dba9285b3f0" testId="811bac60-697c-dae3-043b-fe0f360b8408" testName="Cms.Service.Tests.Service.ServiceTests.UpdateAsync_SameTitle_ShouldRegenerateSameSlug" computerName="LAPTOP-IATLN9KI" duration="00:00:00.0027325" startTime="2026-07-06T10:47:09.7106037+07:00" endTime="2026-07-06T10:47:09.7106039+07:00" testType="13cdc9d9-ddb5-4fa4-a97d-d965ccfc6d4b" outcome="Passed" testListId="8c84fa94-04c1-424b-9868-57a2d4851a1d" relativeResultsDirectory="a9386940-01b3-408b-903b-7dba9285b3f0" />
    <UnitTestResult executionId="82d75727-2cdf-4bdd-8911-5b1c4f74941c" testId="b104c131-7fa6-4bc5-9110-a35fcd9bfe76" testName="Cms.Service.Tests.Form.ServiceTests.CreateTourAsync_WithValidRequest_ShouldCreateForm" computerName="LAPTOP-IATLN9KI" duration="00:00:00.0094577" startTime="2026-07-06T10:47:09.4605638+07:00" endTime="2026-07-06T10:47:09.4605640+07:00" testType="13cdc9d9-ddb5-4fa4-a97d-d965ccfc6d4b" outcome="Passed" testListId="8c84fa94-04c1-424b-9868-57a2d4851a1d" relativeResultsDirectory="82d75727-2cdf-4bdd-8911-5b1c4f74941c" />
    <UnitTestResult executionId="5eec6f15-498b-4d2b-9222-8854a8b42c4c" testId="fe9a9bc0-f5a7-f750-81b6-e472704334e4" testName="Cms.Service.Tests.CloudinaryService.ServiceTests.UploadImageAsync_WhenFileExceeds10MB_ShouldThrowBadRequest" computerName="LAPTOP-IATLN9KI" duration="00:00:00.0014444" startTime="2026-07-06T10:47:08.6765726+07:00" endTime="2026-07-06T10:47:08.6765728+07:00" testType="13cdc9d9-ddb5-4fa4-a97d-d965ccfc6d4b" outcome="Passed" testListId="8c84fa94-04c1-424b-9868-57a2d4851a1d" relativeResultsDirectory="5eec6f15-498b-4d2b-9222-8854a8b42c4c" />
    <UnitTestResult executionId="c035fa4c-edfe-433f-87d5-d7c68685b7d5" testId="a151a5c8-d480-1850-98a1-59207408b328" testName="Cms.Service.Tests.Service.ServiceTests.GetByKeyAsync_ForNonTour_ShouldNotIncludeRelated" computerName="LAPTOP-IATLN9KI" duration="00:00:00.0017996" startTime="2026-07-06T10:47:09.5275972+07:00" endTime="2026-07-06T10:47:09.5275974+07:00" testType="13cdc9d9-ddb5-4fa4-a97d-d965ccfc6d4b" outcome="Passed" testListId="8c84fa94-04c1-424b-9868-57a2d4851a1d" relativeResultsDirectory="c035fa4c-edfe-433f-87d5-d7c68685b7d5" />
    <UnitTestResult executionId="34532803-f745-48a0-8eff-adf18135793f" testId="e53208d6-0c81-cb29-a8aa-8933e54f0b01" testName="Cms.Service.Tests.Auth.ServiceTests.Login_WithEmptyCredentials_ShouldThrowUnauthorized" computerName="LAPTOP-IATLN9KI" duration="00:00:00.0006447" startTime="2026-07-06T10:47:08.6331836+07:00" endTime="2026-07-06T10:47:08.6331839+07:00" testType="13cdc9d9-ddb5-4fa4-a97d-d965ccfc6d4b" outcome="Passed" testListId="8c84fa94-04c1-424b-9868-57a2d4851a1d" relativeResultsDirectory="34532803-f745-48a0-8eff-adf18135793f" />
    <UnitTestResult executionId="e82ef26e-3563-4231-8c85-5f7a62c3899e" testId="4f6eae22-c47f-c926-d2eb-b309c9e8ebfa" testName="Cms.Service.Tests.Taxonomy.ServiceTests.UpdateAsync_WithValidRequest_ShouldUpdateFields" computerName="LAPTOP-IATLN9KI" duration="00:00:00.0017055" startTime="2026-07-06T10:47:09.4010368+07:00" endTime="2026-07-06T10:47:09.4010370+07:00" testType="13cdc9d9-ddb5-4fa4-a97d-d965ccfc6d4b" outcome="Passed" testListId="8c84fa94-04c1-424b-9868-57a2d4851a1d" relativeResultsDirectory="e82ef26e-3563-4231-8c85-5f7a62c3899e" />
    <UnitTestResult executionId="d12500b2-db5c-4afa-8bea-5a61655cd923" testId="88cb8178-a162-1d75-6faf-14cc733d044d" testName="Cms.Service.Tests.PageContent.ServiceTests.GetAllAsync_ByPageKey_ShouldReturnMatching" computerName="LAPTOP-IATLN9KI" duration="00:00:00.0064573" startTime="2026-07-06T10:47:09.3569959+07:00" endTime="2026-07-06T10:47:09.3569961+07:00" testType="13cdc9d9-ddb5-4fa4-a97d-d965ccfc6d4b" outcome="Passed" testListId="8c84fa94-04c1-424b-9868-57a2d4851a1d" relativeResultsDirectory="d12500b2-db5c-4afa-8bea-5a61655cd923" />
    <UnitTestResult executionId="e6886213-2139-492a-886e-7a9af1133494" testId="70bd9e7b-415f-b1b5-6494-4b5400897802" testName="Cms.Service.Tests.Form.ServiceTests.CreateTourAsync_WhenServiceNotFound_ShouldThrowNotFound" computerName="LAPTOP-IATLN9KI" duration="00:00:00.0016333" startTime="2026-07-06T10:47:09.4678431+07:00" endTime="2026-07-06T10:47:09.4678431+07:00" testType="13cdc9d9-ddb5-4fa4-a97d-d965ccfc6d4b" outcome="Passed" testListId="8c84fa94-04c1-424b-9868-57a2d4851a1d" relativeResultsDirectory="e6886213-2139-492a-886e-7a9af1133494" />
    <UnitTestResult executionId="1fb05d5e-f409-40fd-b9f2-f8d2f8d17a05" testId="bb890672-fca7-957a-d1d6-2fd2365400d2" testName="Cms.Service.Tests.PageContent.ServiceTests.GetAllAsync_ShouldExcludeDeleted" computerName="LAPTOP-IATLN9KI" duration="00:00:00.0054573" startTime="2026-07-06T10:47:09.3372698+07:00" endTime="2026-07-06T10:47:09.3372698+07:00" testType="13cdc9d9-ddb5-4fa4-a97d-d965ccfc6d4b" outcome="Passed" testListId="8c84fa94-04c1-424b-9868-57a2d4851a1d" relativeResultsDirectory="1fb05d5e-f409-40fd-b9f2-f8d2f8d17a05" />
    <UnitTestResult executionId="b24fbd94-b2e1-4295-8f69-63c2c9007587" testId="8ab90447-575d-76fc-0070-8b4bcfa4eb19" testName="Cms.Service.Tests.Form.ServiceTests.CreateComboAsync_WhenServiceNotComboType_ShouldThrowBadRequest" computerName="LAPTOP-IATLN9KI" duration="00:00:00.0027293" startTime="2026-07-06T10:47:09.4250604+07:00" endTime="2026-07-06T10:47:09.4250605+07:00" testType="13cdc9d9-ddb5-4fa4-a97d-d965ccfc6d4b" outcome="Passed" testListId="8c84fa94-04c1-424b-9868-57a2d4851a1d" relativeResultsDirectory="b24fbd94-b2e1-4295-8f69-63c2c9007587" />
    <UnitTestResult executionId="08ea5b87-69f7-459e-9273-664ffb4c1944" testId="18057813-21ef-3cca-43f6-a7ccd8935daf" testName="Cms.Service.Tests.JwtSvc.ServiceTests.GenerateAccessToken_WithNullClaims_ShouldProduceTokenWithEmptyClaims" computerName="LAPTOP-IATLN9KI" duration="00:00:00.0001764" startTime="2026-07-06T10:47:08.6475804+07:00" endTime="2026-07-06T10:47:08.6475805+07:00" testType="13cdc9d9-ddb5-4fa4-a97d-d965ccfc6d4b" outcome="Passed" testListId="8c84fa94-04c1-424b-9868-57a2d4851a1d" relativeResultsDirectory="08ea5b87-69f7-459e-9273-664ffb4c1944" />
    <UnitTestResult executionId="4967a1f6-60ab-4e2c-b854-4a3f08441b20" testId="24dac779-2817-dd0b-6958-902bc8a4bd40" testName="Cms.Service.Tests.Service.ServiceTests.GetAllLists_WithNoData_ShouldReturnEmpty" computerName="LAPTOP-IATLN9KI" duration="00:00:00.0189954" startTime="2026-07-06T10:47:09.6351773+07:00" endTime="2026-07-06T10:47:09.6351775+07:00" testType="13cdc9d9-ddb5-4fa4-a97d-d965ccfc6d4b" outcome="Passed" testListId="8c84fa94-04c1-424b-9868-57a2d4851a1d" relativeResultsDirectory="4967a1f6-60ab-4e2c-b854-4a3f08441b20" />
    <UnitTestResult executionId="bad1d65b-d930-45e0-af97-3a5dd82a12b2" testId="9444ae20-853e-5bb9-6cd3-eb3099e21284" testName="Cms.Service.Tests.PageContent.ServiceTests.DeleteAsync_WhenNotFound_ShouldThrowNotFound" computerName="LAPTOP-IATLN9KI" duration="00:00:00.0014300" startTime="2026-07-06T10:47:09.3446389+07:00" endTime="2026-07-06T10:47:09.3446391+07:00" testType="13cdc9d9-ddb5-4fa4-a97d-d965ccfc6d4b" outcome="Passed" testListId="8c84fa94-04c1-424b-9868-57a2d4851a1d" relativeResultsDirectory="bad1d65b-d930-45e0-af97-3a5dd82a12b2" />
    <UnitTestResult executionId="127450de-d5f9-4e1d-b2fe-d02ead679e32" testId="150f91a2-8b88-981e-b69a-8d2bcb1cf240" testName="Cms.Service.Tests.Utils.SlugTests.GenerateSlug_VietnameseText_ShouldRemoveDiacritics(input: &quot;Đà Nẵng&quot;, expected: &quot;da-nang&quot;)" computerName="LAPTOP-IATLN9KI" duration="00:00:00.0000082" startTime="2026-07-06T10:47:08.6199381+07:00" endTime="2026-07-06T10:47:08.6199382+07:00" testType="13cdc9d9-ddb5-4fa4-a97d-d965ccfc6d4b" outcome="Passed" testListId="8c84fa94-04c1-424b-9868-57a2d4851a1d" relativeResultsDirectory="127450de-d5f9-4e1d-b2fe-d02ead679e32" />
    <UnitTestResult executionId="ff7c181c-0271-4871-988c-278f21e5e118" testId="9274fc03-9061-a751-bec0-a645a5916120" testName="Cms.Service.Tests.Service.ServiceTests.UpdateAsync_WithValidRequest_ShouldUpdateAndReplaceChildren" computerName="LAPTOP-IATLN9KI" duration="00:00:00.0081187" startTime="2026-07-06T10:47:09.7078082+07:00" endTime="2026-07-06T10:47:09.7078084+07:00" testType="13cdc9d9-ddb5-4fa4-a97d-d965ccfc6d4b" outcome="Passed" testListId="8c84fa94-04c1-424b-9868-57a2d4851a1d" relativeResultsDirectory="ff7c181c-0271-4871-988c-278f21e5e118" />
    <UnitTestResult executionId="f25c9f98-5ad0-4ae8-ad19-ea3490c967ff" testId="dd4bae9d-ce3c-7a78-f404-a8efc69cf1fb" testName="Cms.Service.Tests.Blog.ServiceTests.GetBySlugAsync_WhenBlogDoesNotExist_ShouldThrowNotFound" computerName="LAPTOP-IATLN9KI" duration="00:00:00.0013254" startTime="2026-07-06T10:47:09.3448525+07:00" endTime="2026-07-06T10:47:09.3448528+07:00" testType="13cdc9d9-ddb5-4fa4-a97d-d965ccfc6d4b" outcome="Passed" testListId="8c84fa94-04c1-424b-9868-57a2d4851a1d" relativeResultsDirectory="f25c9f98-5ad0-4ae8-ad19-ea3490c967ff" />
    <UnitTestResult executionId="24c36159-1a30-4ea4-b0ce-5cdb513abbaa" testId="5f8db1c1-a81d-e04c-7a14-dca088e3f86c" testName="Cms.Service.Tests.Service.ServiceTests.GetByKeyAsync_ForTour_ShouldRankRelatedToursBySameRegionThenClosestPrice" computerName="LAPTOP-IATLN9KI" duration="00:00:00.0058174" startTime="2026-07-06T10:47:09.7745457+07:00" endTime="2026-07-06T10:47:09.7745458+07:00" testType="13cdc9d9-ddb5-4fa4-a97d-d965ccfc6d4b" outcome="Passed" testListId="8c84fa94-04c1-424b-9868-57a2d4851a1d" relativeResultsDirectory="24c36159-1a30-4ea4-b0ce-5cdb513abbaa" />
    <UnitTestResult executionId="cdc9d686-c007-44e5-b496-32d0ea4469d1" testId="473d99cf-0ca9-5a14-63be-8e9539ba6009" testName="Cms.Service.Tests.Taxonomy.ServiceTests.GetByIdAsync_WhenTaxonomyIsDeleted_ShouldThrowNotFound" computerName="LAPTOP-IATLN9KI" duration="00:00:00.0019671" startTime="2026-07-06T10:47:09.3633129+07:00" endTime="2026-07-06T10:47:09.3633130+07:00" testType="13cdc9d9-ddb5-4fa4-a97d-d965ccfc6d4b" outcome="Passed" testListId="8c84fa94-04c1-424b-9868-57a2d4851a1d" relativeResultsDirectory="cdc9d686-c007-44e5-b496-32d0ea4469d1" />
    <UnitTestResult executionId="c2832625-465c-43d6-93a2-92df9ee88ba0" testId="c829b23a-810b-5c8d-1f53-09179fb0ee1f" testName="Cms.Service.Tests.Utils.SlugTests.GenerateSlug_EmptyOrWhitespace_ShouldReturnEmpty(input: &quot;&quot;)" computerName="LAPTOP-IATLN9KI" duration="00:00:00.0000766" startTime="2026-07-06T10:47:08.6200233+07:00" endTime="2026-07-06T10:47:08.6200233+07:00" testType="13cdc9d9-ddb5-4fa4-a97d-d965ccfc6d4b" outcome="Passed" testListId="8c84fa94-04c1-424b-9868-57a2d4851a1d" relativeResultsDirectory="c2832625-465c-43d6-93a2-92df9ee88ba0" />
    <UnitTestResult executionId="c410b472-7c64-4a24-87cc-8ea264d09a4e" testId="070bc3de-c2df-e7bb-aa7e-831d962e4a85" testName="Cms.Service.Tests.Blog.ServiceTests.UpdateAsync_WithValidRequest_ShouldUpdateBlog" computerName="LAPTOP-IATLN9KI" duration="00:00:00.0020660" startTime="2026-07-06T10:47:09.3223725+07:00" endTime="2026-07-06T10:47:09.3223726+07:00" testType="13cdc9d9-ddb5-4fa4-a97d-d965ccfc6d4b" outcome="Passed" testListId="8c84fa94-04c1-424b-9868-57a2d4851a1d" relativeResultsDirectory="c410b472-7c64-4a24-87cc-8ea264d09a4e" />
    <UnitTestResult executionId="d5572158-05b4-4471-84f3-dd6d7875b764" testId="2d9bb0d6-d5a4-ff89-2d67-25e20b74b24d" testName="Cms.Service.Tests.Service.ServiceTests.GetByKeyAsync_ForTour_ShouldIncludeRelatedHotels" computerName="LAPTOP-IATLN9KI" duration="00:00:00.0152424" startTime="2026-07-06T10:47:09.6504887+07:00" endTime="2026-07-06T10:47:09.6504893+07:00" testType="13cdc9d9-ddb5-4fa4-a97d-d965ccfc6d4b" outcome="Passed" testListId="8c84fa94-04c1-424b-9868-57a2d4851a1d" relativeResultsDirectory="d5572158-05b4-4471-84f3-dd6d7875b764" />
    <UnitTestResult executionId="069a6c1d-2d14-43bb-8f0b-7caab837441e" testId="e58d3d74-f7b6-71c6-76be-7524eb844836" testName="Cms.Service.Tests.Form.ServiceTests.CreateAdviseAsync_WhenValidationFails_ShouldThrowValidationException" computerName="LAPTOP-IATLN9KI" duration="00:00:00.0186229" startTime="2026-07-06T10:47:09.4509778+07:00" endTime="2026-07-06T10:47:09.4509780+07:00" testType="13cdc9d9-ddb5-4fa4-a97d-d965ccfc6d4b" outcome="Passed" testListId="8c84fa94-04c1-424b-9868-57a2d4851a1d" relativeResultsDirectory="069a6c1d-2d14-43bb-8f0b-7caab837441e" />
    <UnitTestResult executionId="d01d7126-69bf-4f29-8520-bf0ff34b3b8a" testId="0268affd-449e-83c3-9daa-97bae1e7e355" testName="Cms.Service.Tests.PageContent.ServiceTests.UpdateAsync_WithNewParentId_WhenParentNotFound_ShouldThrowNotFound" computerName="LAPTOP-IATLN9KI" duration="00:00:00.0021693" startTime="2026-07-06T10:47:09.3782958+07:00" endTime="2026-07-06T10:47:09.3782959+07:00" testType="13cdc9d9-ddb5-4fa4-a97d-d965ccfc6d4b" outcome="Passed" testListId="8c84fa94-04c1-424b-9868-57a2d4851a1d" relativeResultsDirectory="d01d7126-69bf-4f29-8520-bf0ff34b3b8a" />
    <UnitTestResult executionId="d352f910-2113-4ed8-a17b-9ea48c1eaef7" testId="6bb16b48-1985-fc44-4cc5-f620129f1dfc" testName="Cms.Service.Tests.Auth.ServiceTests.Login_WhenConfigHasNullCredentials_ShouldThrowUnauthorized" computerName="LAPTOP-IATLN9KI" duration="00:00:00.0012195" startTime="2026-07-06T10:47:08.6266351+07:00" endTime="2026-07-06T10:47:08.6266352+07:00" testType="13cdc9d9-ddb5-4fa4-a97d-d965ccfc6d4b" outcome="Passed" testListId="8c84fa94-04c1-424b-9868-57a2d4851a1d" relativeResultsDirectory="d352f910-2113-4ed8-a17b-9ea48c1eaef7" />
    <UnitTestResult executionId="c3e806de-ad86-4717-9eb5-88d61e74fa0c" testId="78c57df2-25d5-6b57-4f63-b971f996070a" testName="Cms.Service.Tests.Blog.ServiceTests.UpdateAsync_WhenBlogDoesNotExist_ShouldThrowNotFound" computerName="LAPTOP-IATLN9KI" duration="00:00:00.0074104" startTime="2026-07-06T10:47:09.3020284+07:00" endTime="2026-07-06T10:47:09.3020287+07:00" testType="13cdc9d9-ddb5-4fa4-a97d-d965ccfc6d4b" outcome="Passed" testListId="8c84fa94-04c1-424b-9868-57a2d4851a1d" relativeResultsDirectory="c3e806de-ad86-4717-9eb5-88d61e74fa0c" />
    <UnitTestResult executionId="52cc8101-a9f7-4cf2-83de-8e6b5adeba0c" testId="77e1b3fa-d360-78d5-8f53-fab4a165d71e" testName="Cms.Service.Tests.SiteSetting.ServiceTests.GetByIdAsync_WhenExists_ShouldReturnSiteSetting" computerName="LAPTOP-IATLN9KI" duration="00:00:00.0014141" startTime="2026-07-06T10:47:09.3614651+07:00" endTime="2026-07-06T10:47:09.3614652+07:00" testType="13cdc9d9-ddb5-4fa4-a97d-d965ccfc6d4b" outcome="Passed" testListId="8c84fa94-04c1-424b-9868-57a2d4851a1d" relativeResultsDirectory="52cc8101-a9f7-4cf2-83de-8e6b5adeba0c" />
    <UnitTestResult executionId="76cb46c1-35ee-4e53-bc09-3c8cf900129d" testId="b3c54147-9559-bc5f-ef50-77b84ccc3f10" testName="Cms.Service.Tests.Service.ServiceTests.UpdateAsync_ForHotel_ShouldReplaceRoomCategories" computerName="LAPTOP-IATLN9KI" duration="00:00:00.0081473" startTime="2026-07-06T10:47:09.5856286+07:00" endTime="2026-07-06T10:47:09.5856288+07:00" testType="13cdc9d9-ddb5-4fa4-a97d-d965ccfc6d4b" outcome="Passed" testListId="8c84fa94-04c1-424b-9868-57a2d4851a1d" relativeResultsDirectory="76cb46c1-35ee-4e53-bc09-3c8cf900129d" />
    <UnitTestResult executionId="c56f780b-567b-476c-a040-e42d5a9ffcbe" testId="0ca1b39c-ea1e-8498-208e-ecc5c7d426f3" testName="Cms.Service.Tests.Service.ServiceTests.CreateComboAsync_DuplicateTitle_ShouldAppendSuffix" computerName="LAPTOP-IATLN9KI" duration="00:00:00.0105038" startTime="2026-07-06T10:47:09.4355058+07:00" endTime="2026-07-06T10:47:09.4355062+07:00" testType="13cdc9d9-ddb5-4fa4-a97d-d965ccfc6d4b" outcome="Passed" testListId="8c84fa94-04c1-424b-9868-57a2d4851a1d" relativeResultsDirectory="c56f780b-567b-476c-a040-e42d5a9ffcbe" />
    <UnitTestResult executionId="1bd4c58b-02d6-4241-b585-c873a70c5dd0" testId="b159975b-d0fc-44f4-b421-d8c231f20275" testName="Cms.Service.Tests.Blog.ServiceTests.DeleteAsync_WhenBlogExists_ShouldSoftDelete" computerName="LAPTOP-IATLN9KI" duration="00:00:00.0059954" startTime="2026-07-06T10:47:09.3663690+07:00" endTime="2026-07-06T10:47:09.3663690+07:00" testType="13cdc9d9-ddb5-4fa4-a97d-d965ccfc6d4b" outcome="Passed" testListId="8c84fa94-04c1-424b-9868-57a2d4851a1d" relativeResultsDirectory="1bd4c58b-02d6-4241-b585-c873a70c5dd0" />
    <UnitTestResult executionId="a78df1bb-1725-4683-ba81-bd4d54621bf1" testId="82c72d38-963c-4e2b-5c3f-76e4e78756ae" testName="Cms.Service.Tests.Taxonomy.ServiceTests.CreateAsync_WithDuplicateGroupAndName_ShouldThrowConflict" computerName="LAPTOP-IATLN9KI" duration="00:00:00.0021470" startTime="2026-07-06T10:47:09.3955299+07:00" endTime="2026-07-06T10:47:09.3955300+07:00" testType="13cdc9d9-ddb5-4fa4-a97d-d965ccfc6d4b" outcome="Passed" testListId="8c84fa94-04c1-424b-9868-57a2d4851a1d" relativeResultsDirectory="a78df1bb-1725-4683-ba81-bd4d54621bf1" />
    <UnitTestResult executionId="23f42840-789e-49fb-912b-8ced30922e68" testId="a47e581c-182f-e7c6-4a1e-f581a7927720" testName="Cms.Service.Tests.Taxonomy.ServiceTests.GetAllAsync_WithNoFilter_ShouldReturnAllOrdered" computerName="LAPTOP-IATLN9KI" duration="00:00:00.0074264" startTime="2026-07-06T10:47:09.3439886+07:00" endTime="2026-07-06T10:47:09.3439888+07:00" testType="13cdc9d9-ddb5-4fa4-a97d-d965ccfc6d4b" outcome="Passed" testListId="8c84fa94-04c1-424b-9868-57a2d4851a1d" relativeResultsDirectory="23f42840-789e-49fb-912b-8ced30922e68" />
    <UnitTestResult executionId="2234853f-eb5f-48dd-ad7e-4157a9d9dd19" testId="c409136c-dee7-40f0-5e86-395be6c74424" testName="Cms.Service.Tests.Service.ServiceTests.GetCombosAsync_WithMultipleFilters_ShouldIntersect" computerName="LAPTOP-IATLN9KI" duration="00:00:00.0248274" startTime="2026-07-06T10:47:09.7509608+07:00" endTime="2026-07-06T10:47:09.7509610+07:00" testType="13cdc9d9-ddb5-4fa4-a97d-d965ccfc6d4b" outcome="Passed" testListId="8c84fa94-04c1-424b-9868-57a2d4851a1d" relativeResultsDirectory="2234853f-eb5f-48dd-ad7e-4157a9d9dd19" />
    <UnitTestResult executionId="77846b6c-4085-466e-b4f7-047d232a11f7" testId="ab4655f5-9631-f7b3-d09d-231da279c932" testName="Cms.Service.Tests.Auth.ServiceTests.Logout_ShouldReturnSuccessMessage" computerName="LAPTOP-IATLN9KI" duration="00:00:00.0002709" startTime="2026-07-06T10:47:08.6269552+07:00" endTime="2026-07-06T10:47:08.6269553+07:00" testType="13cdc9d9-ddb5-4fa4-a97d-d965ccfc6d4b" outcome="Passed" testListId="8c84fa94-04c1-424b-9868-57a2d4851a1d" relativeResultsDirectory="77846b6c-4085-466e-b4f7-047d232a11f7" />
    <UnitTestResult executionId="43e7598c-5a12-4928-b9d5-a701e11ba159" testId="d9c9d7a2-79a7-936d-88d0-badf4dd558e5" testName="Cms.Service.Tests.Taxonomy.ServiceTests.UpdateAsync_WhenRenameRegion_ShouldCascadeToServices" computerName="LAPTOP-IATLN9KI" duration="00:00:00.0010000" startTime="2026-07-06T10:47:09.3662694+07:00" endTime="2026-07-06T10:47:09.3662695+07:00" testType="13cdc9d9-ddb5-4fa4-a97d-d965ccfc6d4b" outcome="NotExecuted" testListId="8c84fa94-04c1-424b-9868-57a2d4851a1d" relativeResultsDirectory="43e7598c-5a12-4928-b9d5-a701e11ba159">
      <Output>
        <ErrorInfo>
          <Message>EF Core InMemory provider không hỗ trợ ExecuteUpdateAsync (bulk update) — CascadeRenameAsync cần SQL provider/SQLite để test. Logic cascade đã được review mã.</Message>
        </ErrorInfo>
      </Output>
    </UnitTestResult>
    <UnitTestResult executionId="d07d3e87-7d74-4820-8bdb-76391e23be8f" testId="c4adc554-7fa8-b0fa-626e-7fd3edc97766" testName="Cms.Service.Tests.SiteSetting.ServiceTests.GetByIdAsync_WhenSiteSettingExists_ShouldReturnSiteSetting" computerName="LAPTOP-IATLN9KI" duration="00:00:00.6867550" startTime="2026-07-06T10:47:09.2827382+07:00" endTime="2026-07-06T10:47:09.2827384+07:00" testType="13cdc9d9-ddb5-4fa4-a97d-d965ccfc6d4b" outcome="Passed" testListId="8c84fa94-04c1-424b-9868-57a2d4851a1d" relativeResultsDirectory="d07d3e87-7d74-4820-8bdb-76391e23be8f" />
    <UnitTestResult executionId="40d443c1-3bb8-432d-a829-a5ace5586034" testId="70ab8921-688d-722f-5dad-dafa3e1d854b" testName="Cms.Service.Tests.Blog.ServiceTests.GetAllAsync_WithDeletedBlogs_ShouldExcludeDeleted" computerName="LAPTOP-IATLN9KI" duration="00:00:00.0020449" startTime="2026-07-06T10:47:09.3741002+07:00" endTime="2026-07-06T10:47:09.3741003+07:00" testType="13cdc9d9-ddb5-4fa4-a97d-d965ccfc6d4b" outcome="Passed" testListId="8c84fa94-04c1-424b-9868-57a2d4851a1d" relativeResultsDirectory="40d443c1-3bb8-432d-a829-a5ace5586034" />
    <UnitTestResult executionId="0bd9b9ff-7644-42b7-9252-f56dfd5ddbd0" testId="950ba134-2c5d-9fc7-9b11-47293c9b7a5a" testName="Cms.Service.Tests.Auth.ServiceTests.Login_WithCorrectCredentials_ShouldContainAdminRoleAndSubjectClaims" computerName="LAPTOP-IATLN9KI" duration="00:00:00.0071332" startTime="2026-07-06T10:47:08.6404025+07:00" endTime="2026-07-06T10:47:08.6404030+07:00" testType="13cdc9d9-ddb5-4fa4-a97d-d965ccfc6d4b" outcome="Passed" testListId="8c84fa94-04c1-424b-9868-57a2d4851a1d" relativeResultsDirectory="0bd9b9ff-7644-42b7-9252-f56dfd5ddbd0" />
    <UnitTestResult executionId="70ea5cde-6cd2-4160-b16a-128d8268bb23" testId="78b06ed3-0490-a631-3b6d-4e9bc5bad81d" testName="Cms.Service.Tests.Utils.SlugTests.GenerateSlug_MixedCase_ShouldBeLowercase" computerName="LAPTOP-IATLN9KI" duration="00:00:00.0000925" startTime="2026-07-06T10:47:08.6183316+07:00" endTime="2026-07-06T10:47:08.6183316+07:00" testType="13cdc9d9-ddb5-4fa4-a97d-d965ccfc6d4b" outcome="Passed" testListId="8c84fa94-04c1-424b-9868-57a2d4851a1d" relativeResultsDirectory="70ea5cde-6cd2-4160-b16a-128d8268bb23" />
    <UnitTestResult executionId="0962524f-6073-4b1e-a45e-0d1e6fce9ad3" testId="f9dc0207-ffc4-bc2f-5807-433c6ffe38b5" testName="Cms.Service.Tests.PageContent.ServiceTests.GetAllAsync_WithNoData_ShouldReturnEmpty" computerName="LAPTOP-IATLN9KI" duration="00:00:00.0013917" startTime="2026-07-06T10:47:09.3947857+07:00" endTime="2026-07-06T10:47:09.3947857+07:00" testType="13cdc9d9-ddb5-4fa4-a97d-d965ccfc6d4b" outcome="Passed" testListId="8c84fa94-04c1-424b-9868-57a2d4851a1d" relativeResultsDirectory="0962524f-6073-4b1e-a45e-0d1e6fce9ad3" />
    <UnitTestResult executionId="83e0cc89-8484-4de2-8ce0-ab7ba81bb871" testId="d848e7f7-308f-29f8-612b-a8c8aabf214f" testName="Cms.Service.Tests.Blog.ServiceTests.UpdateAsync_WithTitleExistingElsewhere_ShouldKeepSlugUnchanged" computerName="LAPTOP-IATLN9KI" duration="00:00:00.0014825" startTime="2026-07-06T10:47:09.3689679+07:00" endTime="2026-07-06T10:47:09.3689680+07:00" testType="13cdc9d9-ddb5-4fa4-a97d-d965ccfc6d4b" outcome="Passed" testListId="8c84fa94-04c1-424b-9868-57a2d4851a1d" relativeResultsDirectory="83e0cc89-8484-4de2-8ce0-ab7ba81bb871" />
    <UnitTestResult executionId="4200dfa5-0722-4cfc-90ee-6077b9aaf7d3" testId="e0637eb9-3b39-5e28-3a28-9edccacee247" testName="Cms.Service.Tests.Service.ServiceTests.UpdateAsync_DuplicateTitle_ShouldKeepSlugUnchanged" computerName="LAPTOP-IATLN9KI" duration="00:00:00.1079278" startTime="2026-07-06T10:47:09.4249300+07:00" endTime="2026-07-06T10:47:09.4249302+07:00" testType="13cdc9d9-ddb5-4fa4-a97d-d965ccfc6d4b" outcome="Passed" testListId="8c84fa94-04c1-424b-9868-57a2d4851a1d" relativeResultsDirectory="4200dfa5-0722-4cfc-90ee-6077b9aaf7d3" />
    <UnitTestResult executionId="8f129730-5a1e-4cc3-be10-4b5124c3d789" testId="b8d9192b-71eb-a19f-b07d-3050ce8a6648" testName="Cms.Service.Tests.Service.ServiceTests.CreateComboAsync_WithValidRequest_ShouldCreateComboWithChildren" computerName="LAPTOP-IATLN9KI" duration="00:00:00.0084140" startTime="2026-07-06T10:47:09.6136067+07:00" endTime="2026-07-06T10:47:09.6136072+07:00" testType="13cdc9d9-ddb5-4fa4-a97d-d965ccfc6d4b" outcome="Passed" testListId="8c84fa94-04c1-424b-9868-57a2d4851a1d" relativeResultsDirectory="8f129730-5a1e-4cc3-be10-4b5124c3d789" />
    <UnitTestResult executionId="30d6477b-7034-472e-b6d1-e3c74f2c36d4" testId="cd9c1ad3-e579-1567-b9fd-c756663736fd" testName="Cms.Service.Tests.Utils.SlugTests.GenerateSlug_EmptyOrWhitespace_ShouldReturnEmpty(input: null)" computerName="LAPTOP-IATLN9KI" duration="00:00:00.0000815" startTime="2026-07-06T10:47:08.6203917+07:00" endTime="2026-07-06T10:47:08.6203918+07:00" testType="13cdc9d9-ddb5-4fa4-a97d-d965ccfc6d4b" outcome="Passed" testListId="8c84fa94-04c1-424b-9868-57a2d4851a1d" relativeResultsDirectory="30d6477b-7034-472e-b6d1-e3c74f2c36d4" />
    <UnitTestResult executionId="5c719448-c55b-4d48-b05d-a1d1532258b5" testId="98573ddf-34d4-94a6-426a-adfa841e8ced" testName="Cms.Service.Tests.JwtSvc.ServiceTests.GenerateAccessToken_ShouldUseHmacSha256Algorithm" computerName="LAPTOP-IATLN9KI" duration="00:00:00.0002611" startTime="2026-07-06T10:47:08.6491899+07:00" endTime="2026-07-06T10:47:08.6491899+07:00" testType="13cdc9d9-ddb5-4fa4-a97d-d965ccfc6d4b" outcome="Passed" testListId="8c84fa94-04c1-424b-9868-57a2d4851a1d" relativeResultsDirectory="5c719448-c55b-4d48-b05d-a1d1532258b5" />
    <UnitTestResult executionId="fc0e1c2e-45e5-4b55-8d77-eab0d29e4e43" testId="699ea9f8-79ce-d963-fe40-d95e80120d67" testName="Cms.Service.Tests.CloudinaryService.ServiceTests.UploadImageAsync_WithNullFile_ShouldThrowBadRequest" computerName="LAPTOP-IATLN9KI" duration="00:00:00.0007060" startTime="2026-07-06T10:47:08.6773275+07:00" endTime="2026-07-06T10:47:08.6773276+07:00" testType="13cdc9d9-ddb5-4fa4-a97d-d965ccfc6d4b" outcome="Passed" testListId="8c84fa94-04c1-424b-9868-57a2d4851a1d" relativeResultsDirectory="fc0e1c2e-45e5-4b55-8d77-eab0d29e4e43" />
    <UnitTestResult executionId="89d0a710-510f-43b2-9965-71da0b86202a" testId="2e578dfb-2789-6ffb-2aca-dc65edc12ad3" testName="Cms.Service.Tests.Blog.ServiceTests.GetAllAsync_WithBlogs_ShouldReturnPaginatedResult" computerName="LAPTOP-IATLN9KI" duration="00:00:00.0017926" startTime="2026-07-06T10:47:09.3759387+07:00" endTime="2026-07-06T10:47:09.3759388+07:00" testType="13cdc9d9-ddb5-4fa4-a97d-d965ccfc6d4b" outcome="Passed" testListId="8c84fa94-04c1-424b-9868-57a2d4851a1d" relativeResultsDirectory="89d0a710-510f-43b2-9965-71da0b86202a" />
    <UnitTestResult executionId="763852e9-eafa-440e-b603-2e369aab17bc" testId="83754d32-d02f-b418-6ab5-e631b85657b3" testName="Cms.Service.Tests.Form.ServiceTests.GetAllAsync_WithDetails_ShouldIncludeFormDetailsNested" computerName="LAPTOP-IATLN9KI" duration="00:00:00.0263345" startTime="2026-07-06T10:47:09.5247003+07:00" endTime="2026-07-06T10:47:09.5247005+07:00" testType="13cdc9d9-ddb5-4fa4-a97d-d965ccfc6d4b" outcome="Passed" testListId="8c84fa94-04c1-424b-9868-57a2d4851a1d" relativeResultsDirectory="763852e9-eafa-440e-b603-2e369aab17bc" />
    <UnitTestResult executionId="b7477451-dcc2-4512-bf08-b01175c15d98" testId="0a90a007-d779-aa8c-d22f-7fcb2e2b81b9" testName="Cms.Service.Tests.PageContent.ServiceTests.GetAllAsync_CombinedFilters_ShouldIntersect" computerName="LAPTOP-IATLN9KI" duration="00:00:00.0063801" startTime="2026-07-06T10:47:09.3725316+07:00" endTime="2026-07-06T10:47:09.3725317+07:00" testType="13cdc9d9-ddb5-4fa4-a97d-d965ccfc6d4b" outcome="Passed" testListId="8c84fa94-04c1-424b-9868-57a2d4851a1d" relativeResultsDirectory="b7477451-dcc2-4512-bf08-b01175c15d98" />
    <UnitTestResult executionId="3fa050b1-689b-4cc9-b16f-07ea357b64ee" testId="2127333d-9643-bd86-d9ab-e4a590f8fd3d" testName="Cms.Service.Tests.Utils.SlugTests.GenerateSlug_MixedSeparatorsAndPunctuation_ShouldNormalize(input: &quot;  multiple   spaces  &quot;, expected: &quot;multiple-spaces&quot;)" computerName="LAPTOP-IATLN9KI" duration="00:00:00.0002630" startTime="2026-07-06T10:47:08.6109718+07:00" endTime="2026-07-06T10:47:08.6109718+07:00" testType="13cdc9d9-ddb5-4fa4-a97d-d965ccfc6d4b" outcome="Passed" testListId="8c84fa94-04c1-424b-9868-57a2d4851a1d" relativeResultsDirectory="3fa050b1-689b-4cc9-b16f-07ea357b64ee" />
    <UnitTestResult executionId="b017f111-08df-4e44-be61-c07b442793f8" testId="e84088f6-4b27-7401-3190-bcf197037676" testName="Cms.Service.Tests.Service.ServiceTests.GetByKeyAsync_ForTour_ShouldComputePriceFromDepartureSchedule" computerName="LAPTOP-IATLN9KI" duration="00:00:00.0022589" startTime="2026-07-06T10:47:09.5316763+07:00" endTime="2026-07-06T10:47:09.5316765+07:00" testType="13cdc9d9-ddb5-4fa4-a97d-d965ccfc6d4b" outcome="Passed" testListId="8c84fa94-04c1-424b-9868-57a2d4851a1d" relativeResultsDirectory="b017f111-08df-4e44-be61-c07b442793f8" />
    <UnitTestResult executionId="71773dcb-3d68-4c54-86d5-915fd7ec23ef" testId="535d4661-97be-df14-ec94-b333aa627c1f" testName="Cms.Service.Tests.SiteSetting.ServiceTests.GetByIdAsync_WhenSiteSettingDoesNotExist_ShouldThrowNotFound" computerName="LAPTOP-IATLN9KI" duration="00:00:00.0017566" startTime="2026-07-06T10:47:09.3632929+07:00" endTime="2026-07-06T10:47:09.3632930+07:00" testType="13cdc9d9-ddb5-4fa4-a97d-d965ccfc6d4b" outcome="Passed" testListId="8c84fa94-04c1-424b-9868-57a2d4851a1d" relativeResultsDirectory="71773dcb-3d68-4c54-86d5-915fd7ec23ef" />
    <UnitTestResult executionId="3aeffd50-6133-4900-b256-65bb458ec39d" testId="a9223ee8-6735-1b10-67c0-1a01abc72320" testName="Cms.Service.Tests.Taxonomy.ServiceTests.UpdateAsync_WithValidRequest_ShouldUpdateTaxonomy" computerName="LAPTOP-IATLN9KI" duration="00:00:00.0015955" startTime="2026-07-06T10:47:09.3685206+07:00" endTime="2026-07-06T10:47:09.3685208+07:00" testType="13cdc9d9-ddb5-4fa4-a97d-d965ccfc6d4b" outcome="Passed" testListId="8c84fa94-04c1-424b-9868-57a2d4851a1d" relativeResultsDirectory="3aeffd50-6133-4900-b256-65bb458ec39d" />
    <UnitTestResult executionId="252de147-3443-430b-8815-57d603997b5e" testId="a10b5633-7e45-3e6f-96d9-ddd6dff8628f" testName="Cms.Service.Tests.PageContent.ServiceTests.GetByIdAsync_WhenPageContentDoesNotExist_ShouldThrowNotFound" computerName="LAPTOP-IATLN9KI" duration="00:00:00.0013501" startTime="2026-07-06T10:47:09.3739299+07:00" endTime="2026-07-06T10:47:09.3739301+07:00" testType="13cdc9d9-ddb5-4fa4-a97d-d965ccfc6d4b" outcome="Passed" testListId="8c84fa94-04c1-424b-9868-57a2d4851a1d" relativeResultsDirectory="252de147-3443-430b-8815-57d603997b5e" />
    <UnitTestResult executionId="7175911c-4b44-46ac-bae0-17405e580432" testId="3645f5ae-d3f9-208f-8478-a28075962815" testName="Cms.Service.Tests.Form.ServiceTests.CreateBookingAsync_WhenServiceNotFound_ShouldThrowNotFound" computerName="LAPTOP-IATLN9KI" duration="00:00:00.0033330" startTime="2026-07-06T10:47:09.4639847+07:00" endTime="2026-07-06T10:47:09.4639849+07:00" testType="13cdc9d9-ddb5-4fa4-a97d-d965ccfc6d4b" outcome="Passed" testListId="8c84fa94-04c1-424b-9868-57a2d4851a1d" relativeResultsDirectory="7175911c-4b44-46ac-bae0-17405e580432" />
    <UnitTestResult executionId="916098dd-62b5-4be6-94ab-5fa211b6ec11" testId="dae54961-dc17-1bf6-9ba2-bf653a34f567" testName="Cms.Service.Tests.PageContent.ServiceTests.GetAllAsync_WithNoFilters_ShouldReturnAllOrdered" computerName="LAPTOP-IATLN9KI" duration="00:00:00.0128126" startTime="2026-07-06T10:47:09.3933761+07:00" endTime="2026-07-06T10:47:09.3933761+07:00" testType="13cdc9d9-ddb5-4fa4-a97d-d965ccfc6d4b" outcome="Passed" testListId="8c84fa94-04c1-424b-9868-57a2d4851a1d" relativeResultsDirectory="916098dd-62b5-4be6-94ab-5fa211b6ec11" />
    <UnitTestResult executionId="797ab4f2-7f6f-42cb-8f76-64f18f61d71f" testId="4f37c582-c5bb-cf67-7c91-b55f69872dd3" testName="Cms.Service.Tests.PageContent.ServiceTests.DeleteAsync_ShouldCascadeSoftDeleteDescendants" computerName="LAPTOP-IATLN9KI" duration="00:00:00.0100384" startTime="2026-07-06T10:47:09.4131774+07:00" endTime="2026-07-06T10:47:09.4131776+07:00" testType="13cdc9d9-ddb5-4fa4-a97d-d965ccfc6d4b" outcome="Passed" testListId="8c84fa94-04c1-424b-9868-57a2d4851a1d" relativeResultsDirectory="797ab4f2-7f6f-42cb-8f76-64f18f61d71f" />
    <UnitTestResult executionId="24df59df-746e-479e-bcf3-f1b2cbeb2805" testId="70155266-77b2-77fa-5cd9-50e837a6fda7" testName="Cms.Service.Tests.PageContent.ServiceTests.UpdateAsync_WithValidRequest_ShouldUpdatePageContent" computerName="LAPTOP-IATLN9KI" duration="00:00:00.0057634" startTime="2026-07-06T10:47:09.3504887+07:00" endTime="2026-07-06T10:47:09.3504889+07:00" testType="13cdc9d9-ddb5-4fa4-a97d-d965ccfc6d4b" outcome="Passed" testListId="8c84fa94-04c1-424b-9868-57a2d4851a1d" relativeResultsDirectory="24df59df-746e-479e-bcf3-f1b2cbeb2805" />
    <UnitTestResult executionId="c9bdb68f-9f1a-4cba-837d-fecc1d5a0a35" testId="5c5cfc4d-8551-da7a-32bb-3264618e55c6" testName="Cms.Service.Tests.Utils.SlugTests.GenerateSlug_ShouldBeIdempotentForAlreadySlugged" computerName="LAPTOP-IATLN9KI" duration="00:00:00.0000715" startTime="2026-07-06T10:47:08.6204461+07:00" endTime="2026-07-06T10:47:08.6204461+07:00" testType="13cdc9d9-ddb5-4fa4-a97d-d965ccfc6d4b" outcome="Passed" testListId="8c84fa94-04c1-424b-9868-57a2d4851a1d" relativeResultsDirectory="c9bdb68f-9f1a-4cba-837d-fecc1d5a0a35" />
    <UnitTestResult executionId="793be2b1-10b0-4ed9-916f-a03507714ff6" testId="f841364a-b82b-77e6-4ecd-1d4ddab7b1e4" testName="Cms.Service.Tests.Taxonomy.ServiceTests.UpdateAsync_SameNameInDifferentGroups_ShouldNotConflict" computerName="LAPTOP-IATLN9KI" duration="00:00:00.0053023" startTime="2026-07-06T10:47:09.3597225+07:00" endTime="2026-07-06T10:47:09.3597226+07:00" testType="13cdc9d9-ddb5-4fa4-a97d-d965ccfc6d4b" outcome="Passed" testListId="8c84fa94-04c1-424b-9868-57a2d4851a1d" relativeResultsDirectory="793be2b1-10b0-4ed9-916f-a03507714ff6" />
    <UnitTestResult executionId="9ea25bc3-7675-4056-84b8-c40ede288a76" testId="e4f1f82c-e79a-ae80-8175-0cb6e5208454" testName="Cms.Service.Tests.Taxonomy.ServiceTests.UpdateAsync_WhenNewNameConflictsInSameGroup_ShouldThrowConflict" computerName="LAPTOP-IATLN9KI" duration="00:00:00.0018447" startTime="2026-07-06T10:47:09.3974242+07:00" endTime="2026-07-06T10:47:09.3974246+07:00" testType="13cdc9d9-ddb5-4fa4-a97d-d965ccfc6d4b" outcome="Passed" testListId="8c84fa94-04c1-424b-9868-57a2d4851a1d" relativeResultsDirectory="9ea25bc3-7675-4056-84b8-c40ede288a76" />
    <UnitTestResult executionId="8f6ae80c-a565-4dcf-9727-bfa380b87015" testId="71222b78-942f-5e0e-7d1a-466d1b06ea10" testName="Cms.Service.Tests.Blog.ServiceTests.GetByIdAsync_WhenBlogExists_ShouldReturnBlog" computerName="LAPTOP-IATLN9KI" duration="00:00:00.0055087" startTime="2026-07-06T10:47:09.3564053+07:00" endTime="2026-07-06T10:47:09.3564056+07:00" testType="13cdc9d9-ddb5-4fa4-a97d-d965ccfc6d4b" outcome="Passed" testListId="8c84fa94-04c1-424b-9868-57a2d4851a1d" relativeResultsDirectory="8f6ae80c-a565-4dcf-9727-bfa380b87015" />
    <UnitTestResult executionId="24dd227c-ff7e-4dc2-a40f-d2bcbc54e8eb" testId="016b47d3-3867-3a3b-588a-f1f2cc77cd65" testName="Cms.Service.Tests.Form.ServiceTests.GetAllAsync_WithFilterType_ShouldReturnOnlyMatchingType" computerName="LAPTOP-IATLN9KI" duration="00:00:00.0517798" startTime="2026-07-06T10:47:09.4222738+07:00" endTime="2026-07-06T10:47:09.4222740+07:00" testType="13cdc9d9-ddb5-4fa4-a97d-d965ccfc6d4b" outcome="Passed" testListId="8c84fa94-04c1-424b-9868-57a2d4851a1d" relativeResultsDirectory="24dd227c-ff7e-4dc2-a40f-d2bcbc54e8eb" />
    <UnitTestResult executionId="863aaadc-40ac-4b06-bf30-4e5d5d4bc012" testId="95a2dc8e-ca70-2d70-e951-09f57301bf3b" testName="Cms.Service.Tests.Form.ServiceTests.GetAllAsync_ShouldReturnPagedForms" computerName="LAPTOP-IATLN9KI" duration="00:00:00.0025434" startTime="2026-07-06T10:47:09.5525844+07:00" endTime="2026-07-06T10:47:09.5525846+07:00" testType="13cdc9d9-ddb5-4fa4-a97d-d965ccfc6d4b" outcome="Passed" testListId="8c84fa94-04c1-424b-9868-57a2d4851a1d" relativeResultsDirectory="863aaadc-40ac-4b06-bf30-4e5d5d4bc012" />
    <UnitTestResult executionId="b0ef19cf-292c-4d0c-9b5d-165ba3b6559d" testId="3cd8486c-4199-da14-55dd-2bfae1902d7f" testName="Cms.Service.Tests.SiteSetting.ServiceTests.GetByIdAsync_WhenSiteSettingIsDeleted_ShouldThrowNotFound" computerName="LAPTOP-IATLN9KI" duration="00:00:00.0019370" startTime="2026-07-06T10:47:09.3434992+07:00" endTime="2026-07-06T10:47:09.3434994+07:00" testType="13cdc9d9-ddb5-4fa4-a97d-d965ccfc6d4b" outcome="Passed" testListId="8c84fa94-04c1-424b-9868-57a2d4851a1d" relativeResultsDirectory="b0ef19cf-292c-4d0c-9b5d-165ba3b6559d" />
    <UnitTestResult executionId="922fbdf0-1e00-45f5-9561-17f87c14c080" testId="14ef48a4-53ca-808e-f505-ead2f9adab8d" testName="Cms.Service.Tests.Auth.ServiceTests.Login_WithWrongUsername_ShouldThrowUnauthorized" computerName="LAPTOP-IATLN9KI" duration="00:00:00.0006205" startTime="2026-07-06T10:47:08.6410988+07:00" endTime="2026-07-06T10:47:08.6410992+07:00" testType="13cdc9d9-ddb5-4fa4-a97d-d965ccfc6d4b" outcome="Passed" testListId="8c84fa94-04c1-424b-9868-57a2d4851a1d" relativeResultsDirectory="922fbdf0-1e00-45f5-9561-17f87c14c080" />
    <UnitTestResult executionId="ae3f8bb1-4d0d-478c-880d-cccd6023334b" testId="8465758d-1279-3618-0053-d516432c24c2" testName="Cms.Service.Tests.SiteSetting.ServiceTests.GetAllAsync_WithIdFilter_ShouldReturnSingleMatching" computerName="LAPTOP-IATLN9KI" duration="00:00:00.0054776" startTime="2026-07-06T10:47:09.3098323+07:00" endTime="2026-07-06T10:47:09.3098327+07:00" testType="13cdc9d9-ddb5-4fa4-a97d-d965ccfc6d4b" outcome="Passed" testListId="8c84fa94-04c1-424b-9868-57a2d4851a1d" relativeResultsDirectory="ae3f8bb1-4d0d-478c-880d-cccd6023334b" />
    <UnitTestResult executionId="6862310c-ee7a-428d-8a47-acbd33af419e" testId="8b2153cc-0690-01f1-045e-ec7cd174fc45" testName="Cms.Service.Tests.CloudinaryService.ServiceTests.UploadImageAsync_WhenCloudinaryNotConfigured_ShouldThrowServerException" computerName="LAPTOP-IATLN9KI" duration="00:00:00.0020683" startTime="2026-07-06T10:47:08.6750604+07:00" endTime="2026-07-06T10:47:08.6750607+07:00" testType="13cdc9d9-ddb5-4fa4-a97d-d965ccfc6d4b" outcome="Passed" testListId="8c84fa94-04c1-424b-9868-57a2d4851a1d" relativeResultsDirectory="6862310c-ee7a-428d-8a47-acbd33af419e" />
    <UnitTestResult executionId="65d2dc72-90c3-459a-8d04-48451550094f" testId="d277f921-8f52-d914-cb32-73d15bc74238" testName="Cms.Service.Tests.Blog.ServiceTests.CreateAsync_WithValidRequest_ShouldCreateBlog" computerName="LAPTOP-IATLN9KI" duration="00:00:00.0013086" startTime="2026-07-06T10:47:09.3379572+07:00" endTime="2026-07-06T10:47:09.3379575+07:00" testType="13cdc9d9-ddb5-4fa4-a97d-d965ccfc6d4b" outcome="Passed" testListId="8c84fa94-04c1-424b-9868-57a2d4851a1d" relativeResultsDirectory="65d2dc72-90c3-459a-8d04-48451550094f" />
    <UnitTestResult executionId="9c57cefe-3df9-45cc-bbb7-3f3539fe5130" testId="18168cf7-1b29-714b-a549-08cc0838374d" testName="Cms.Service.Tests.PageContent.ServiceTests.DeleteAsync_ShouldCascadeToChildren" computerName="LAPTOP-IATLN9KI" duration="00:00:00.0074417" startTime="2026-07-06T10:47:09.3644951+07:00" endTime="2026-07-06T10:47:09.3644952+07:00" testType="13cdc9d9-ddb5-4fa4-a97d-d965ccfc6d4b" outcome="Passed" testListId="8c84fa94-04c1-424b-9868-57a2d4851a1d" relativeResultsDirectory="9c57cefe-3df9-45cc-bbb7-3f3539fe5130" />
    <UnitTestResult executionId="f8226f33-8a39-4c29-8cb7-5c66671126f9" testId="a66b82ca-13a1-bd33-9f50-2704f2be831d" testName="Cms.Service.Tests.Taxonomy.ServiceTests.UpdateAsync_WithNameConflictingInSameGroup_ShouldThrowConflict" computerName="LAPTOP-IATLN9KI" duration="00:00:00.6915114" startTime="2026-07-06T10:47:09.2874398+07:00" endTime="2026-07-06T10:47:09.2874402+07:00" testType="13cdc9d9-ddb5-4fa4-a97d-d965ccfc6d4b" outcome="Passed" testListId="8c84fa94-04c1-424b-9868-57a2d4851a1d" relativeResultsDirectory="f8226f33-8a39-4c29-8cb7-5c66671126f9" />
    <UnitTestResult executionId="b5836556-50f6-4860-994d-203279088717" testId="17c74b69-2c28-10c0-0d20-75e53d82a62a" testName="Cms.Service.Tests.Service.ServiceTests.DeleteAsync_WhenNotFound_ShouldThrow" computerName="LAPTOP-IATLN9KI" duration="00:00:00.0035337" startTime="2026-07-06T10:47:09.7245309+07:00" endTime="2026-07-06T10:47:09.7245310+07:00" testType="13cdc9d9-ddb5-4fa4-a97d-d965ccfc6d4b" outcome="Passed" testListId="8c84fa94-04c1-424b-9868-57a2d4851a1d" relativeResultsDirectory="b5836556-50f6-4860-994d-203279088717" />
    <UnitTestResult executionId="bd2e9868-4666-4db2-9144-c923b181a343" testId="ddf6dbd3-d6f3-8270-b261-b4a2e314cea0" testName="Cms.Service.Tests.Utils.SlugTests.GenerateSlug_MixedSeparatorsAndPunctuation_ShouldNormalize(input: &quot;hyphen-already&quot;, expected: &quot;hyphen-already&quot;)" computerName="LAPTOP-IATLN9KI" duration="00:00:00.0000128" startTime="2026-07-06T10:47:08.6110468+07:00" endTime="2026-07-06T10:47:08.6110468+07:00" testType="13cdc9d9-ddb5-4fa4-a97d-d965ccfc6d4b" outcome="Passed" testListId="8c84fa94-04c1-424b-9868-57a2d4851a1d" relativeResultsDirectory="bd2e9868-4666-4db2-9144-c923b181a343" />
    <UnitTestResult executionId="056633df-cc4b-4b7c-957f-877b8bacc9be" testId="d97568dc-6059-9f53-25eb-2cb0c1e1b93a" testName="Cms.Service.Tests.SiteSetting.ServiceTests.UpdateAsync_WhenSiteSettingDoesNotExist_ShouldThrowNotFound" computerName="LAPTOP-IATLN9KI" duration="00:00:00.0065375" startTime="2026-07-06T10:47:09.3042899+07:00" endTime="2026-07-06T10:47:09.3042901+07:00" testType="13cdc9d9-ddb5-4fa4-a97d-d965ccfc6d4b" outcome="Passed" testListId="8c84fa94-04c1-424b-9868-57a2d4851a1d" relativeResultsDirectory="056633df-cc4b-4b7c-957f-877b8bacc9be" />
    <UnitTestResult executionId="b3a22783-4fbc-4986-afc5-d2a734efceed" testId="29e52994-5103-739b-ef86-5eb73ef8d2c4" testName="Cms.Service.Tests.Service.ServiceTests.CreateTourAsync_EmptySlugTitle_ShouldFallbackToGuid" computerName="LAPTOP-IATLN9KI" duration="00:00:00.0017016" startTime="2026-07-06T10:47:09.5873924+07:00" endTime="2026-07-06T10:47:09.5873926+07:00" testType="13cdc9d9-ddb5-4fa4-a97d-d965ccfc6d4b" outcome="Passed" testListId="8c84fa94-04c1-424b-9868-57a2d4851a1d" relativeResultsDirectory="b3a22783-4fbc-4986-afc5-d2a734efceed" />
    <UnitTestResult executionId="02b2b193-81ea-44bc-ae92-3cf5d30d3b93" testId="5adbee52-333c-168e-4e47-ff7240aa1b0f" testName="Cms.Service.Tests.SiteSetting.ServiceTests.UpdateAsync_WithValidRequest_ShouldUpdateSiteSetting" computerName="LAPTOP-IATLN9KI" duration="00:00:00.0023450" startTime="2026-07-06T10:47:09.3224018+07:00" endTime="2026-07-06T10:47:09.3224018+07:00" testType="13cdc9d9-ddb5-4fa4-a97d-d965ccfc6d4b" outcome="Passed" testListId="8c84fa94-04c1-424b-9868-57a2d4851a1d" relativeResultsDirectory="02b2b193-81ea-44bc-ae92-3cf5d30d3b93" />
    <UnitTestResult executionId="fa25a3a4-edda-417a-8eb9-b7b0a6c9e2c3" testId="7769c538-e2a0-e477-73ff-40148659708b" testName="Cms.Service.Tests.Service.ServiceTests.Slug_ShouldBeUniqueAcrossAllTypes" computerName="LAPTOP-IATLN9KI" duration="00:00:00.0024021" startTime="2026-07-06T10:47:09.6160831+07:00" endTime="2026-07-06T10:47:09.6160832+07:00" testType="13cdc9d9-ddb5-4fa4-a97d-d965ccfc6d4b" outcome="Passed" testListId="8c84fa94-04c1-424b-9868-57a2d4851a1d" relativeResultsDirectory="fa25a3a4-edda-417a-8eb9-b7b0a6c9e2c3" />
    <UnitTestResult executionId="faae1d20-7168-44e1-aa5b-3112bb872afb" testId="da1321d1-c97c-038c-7142-9b446727d1a7" testName="Cms.Service.Tests.PageContent.ServiceTests.GetByIdAsync_WhenPageContentIsDeleted_ShouldThrowNotFound" computerName="LAPTOP-IATLN9KI" duration="00:00:00.0016144" startTime="2026-07-06T10:47:09.3978416+07:00" endTime="2026-07-06T10:47:09.3978418+07:00" testType="13cdc9d9-ddb5-4fa4-a97d-d965ccfc6d4b" outcome="Passed" testListId="8c84fa94-04c1-424b-9868-57a2d4851a1d" relativeResultsDirectory="faae1d20-7168-44e1-aa5b-3112bb872afb" />
    <UnitTestResult executionId="516218de-72e5-4754-8b89-c165b2a60273" testId="2b33a4f0-563f-64af-24e1-562f27469b8b" testName="Cms.Service.Tests.JwtSvc.ServiceTests.GenerateAccessToken_ShouldBeVerifiableWithSameKey" computerName="LAPTOP-IATLN9KI" duration="00:00:00.0354397" startTime="2026-07-06T10:47:08.6447387+07:00" endTime="2026-07-06T10:47:08.6447389+07:00" testType="13cdc9d9-ddb5-4fa4-a97d-d965ccfc6d4b" outcome="Passed" testListId="8c84fa94-04c1-424b-9868-57a2d4851a1d" relativeResultsDirectory="516218de-72e5-4754-8b89-c165b2a60273" />
    <UnitTestResult executionId="168d6172-0916-45ca-9b15-1619c5ed3212" testId="2012cae0-6db6-a695-6465-b1d09b475607" testName="Cms.Service.Tests.Utils.SlugTests.GenerateSlug_VietnameseText_ShouldRemoveDiacritics(input: &quot;Phú Quốc&quot;, expected: &quot;phu-quoc&quot;)" computerName="LAPTOP-IATLN9KI" duration="00:00:00.0000108" startTime="2026-07-06T10:47:08.6199165+07:00" endTime="2026-07-06T10:47:08.6199165+07:00" testType="13cdc9d9-ddb5-4fa4-a97d-d965ccfc6d4b" outcome="Passed" testListId="8c84fa94-04c1-424b-9868-57a2d4851a1d" relativeResultsDirectory="168d6172-0916-45ca-9b15-1619c5ed3212" />
    <UnitTestResult executionId="2e46253d-5f44-4ea7-b44e-449956411d6e" testId="274979dd-587d-c5db-0c72-ea9364af6962" testName="Cms.Service.Tests.JwtSvc.ServiceTests.GenerateAccessToken_WithEmptyClaims_ShouldStillProduceToken" computerName="LAPTOP-IATLN9KI" duration="00:00:00.0002161" startTime="2026-07-06T10:47:08.6472019+07:00" endTime="2026-07-06T10:47:08.6472020+07:00" testType="13cdc9d9-ddb5-4fa4-a97d-d965ccfc6d4b" outcome="Passed" testListId="8c84fa94-04c1-424b-9868-57a2d4851a1d" relativeResultsDirectory="2e46253d-5f44-4ea7-b44e-449956411d6e" />
    <UnitTestResult executionId="8f12768d-b517-461a-be37-aaa77220eaac" testId="2d398483-74b3-dc6c-fea4-932f58417f26" testName="Cms.Service.Tests.Service.ServiceTests.GetToursAsync_KeywordFilterByRegion" computerName="LAPTOP-IATLN9KI" duration="00:00:00.0021454" startTime="2026-07-06T10:47:09.6996108+07:00" endTime="2026-07-06T10:47:09.6996109+07:00" testType="13cdc9d9-ddb5-4fa4-a97d-d965ccfc6d4b" outcome="Passed" testListId="8c84fa94-04c1-424b-9868-57a2d4851a1d" relativeResultsDirectory="8f12768d-b517-461a-be37-aaa77220eaac" />
    <UnitTestResult executionId="d568feeb-d60b-44a5-9517-78f741a42652" testId="495356a2-5961-b9b0-2ff5-96fdaf11a781" testName="Cms.Service.Tests.Taxonomy.ServiceTests.CreateAsync_SameNameDifferentGroup_ShouldCreate" computerName="LAPTOP-IATLN9KI" duration="00:00:00.0091405" startTime="2026-07-06T10:47:09.3087337+07:00" endTime="2026-07-06T10:47:09.3087338+07:00" testType="13cdc9d9-ddb5-4fa4-a97d-d965ccfc6d4b" outcome="Passed" testListId="8c84fa94-04c1-424b-9868-57a2d4851a1d" relativeResultsDirectory="d568feeb-d60b-44a5-9517-78f741a42652" />
    <UnitTestResult executionId="1b29b0fd-727f-41cb-ac58-efe411171a35" testId="9f236f09-7fd5-987c-adba-4ed24e1c7b1a" testName="Cms.Service.Tests.Service.ServiceTests.GetHotelsAsync_WithFilters_ShouldIntersect" computerName="LAPTOP-IATLN9KI" duration="00:00:00.0244057" startTime="2026-07-06T10:47:09.5561680+07:00" endTime="2026-07-06T10:47:09.5561681+07:00" testType="13cdc9d9-ddb5-4fa4-a97d-d965ccfc6d4b" outcome="Passed" testListId="8c84fa94-04c1-424b-9868-57a2d4851a1d" relativeResultsDirectory="1b29b0fd-727f-41cb-ac58-efe411171a35" />
    <UnitTestResult executionId="512c6b08-6940-43c5-9500-063b962b90d2" testId="b42912ed-70e5-c63e-eb40-77fe1ebf59f3" testName="Cms.Service.Tests.Service.ServiceTests.GetByKeyAsync_ShouldIncludeAllChildren" computerName="LAPTOP-IATLN9KI" duration="00:00:00.0189806" startTime="2026-07-06T10:47:09.5070573+07:00" endTime="2026-07-06T10:47:09.5070575+07:00" testType="13cdc9d9-ddb5-4fa4-a97d-d965ccfc6d4b" outcome="Passed" testListId="8c84fa94-04c1-424b-9868-57a2d4851a1d" relativeResultsDirectory="512c6b08-6940-43c5-9500-063b962b90d2" />
    <UnitTestResult executionId="0fbd6a62-6be5-4474-b875-f538b9ffe12f" testId="379d4623-c283-d35b-0010-34ef6b31407f" testName="Cms.Service.Tests.Auth.ServiceTests.Login_WithCorrectCredentials_ShouldReturnToken" computerName="LAPTOP-IATLN9KI" duration="00:00:00.0285430" startTime="2026-07-06T10:47:08.6245140+07:00" endTime="2026-07-06T10:47:08.6245144+07:00" testType="13cdc9d9-ddb5-4fa4-a97d-d965ccfc6d4b" outcome="Passed" testListId="8c84fa94-04c1-424b-9868-57a2d4851a1d" relativeResultsDirectory="0fbd6a62-6be5-4474-b875-f538b9ffe12f" />
    <UnitTestResult executionId="b040eca3-e8b6-40c7-ab96-ccbc4e47f46b" testId="07211a42-7513-769c-3802-844c33f3b881" testName="Cms.Service.Tests.Taxonomy.ServiceTests.GetByIdAsync_WhenNotFound_ShouldThrowNotFound" computerName="LAPTOP-IATLN9KI" duration="00:00:00.0056477" startTime="2026-07-06T10:47:09.3349568+07:00" endTime="2026-07-06T10:47:09.3349569+07:00" testType="13cdc9d9-ddb5-4fa4-a97d-d965ccfc6d4b" outcome="Passed" testListId="8c84fa94-04c1-424b-9868-57a2d4851a1d" relativeResultsDirectory="b040eca3-e8b6-40c7-ab96-ccbc4e47f46b" />
    <UnitTestResult executionId="5d7d3939-3139-495e-9ac6-c58bb95a124f" testId="e2e73ebf-ee88-bcf1-1d56-f1b5341202df" testName="Cms.Service.Tests.Utils.SlugTests.GenerateSlug_WithCafeAccent_ShouldStripDiacriticToCafe" computerName="LAPTOP-IATLN9KI" duration="00:00:00.0002160" startTime="2026-07-06T10:47:08.6183041+07:00" endTime="2026-07-06T10:47:08.6183042+07:00" testType="13cdc9d9-ddb5-4fa4-a97d-d965ccfc6d4b" outcome="Passed" testListId="8c84fa94-04c1-424b-9868-57a2d4851a1d" relativeResultsDirectory="5d7d3939-3139-495e-9ac6-c58bb95a124f" />
    <UnitTestResult executionId="426f2610-a5ec-43ea-a044-eae60d944d71" testId="b5b9e761-da8a-5343-ff11-494a0fc828a3" testName="Cms.Service.Tests.SiteSetting.ServiceTests.UpdateAsync_WhenNotFound_ShouldThrowNotFound" computerName="LAPTOP-IATLN9KI" duration="00:00:00.0014005" startTime="2026-07-06T10:47:09.3238218+07:00" endTime="2026-07-06T10:47:09.3238219+07:00" testType="13cdc9d9-ddb5-4fa4-a97d-d965ccfc6d4b" outcome="Passed" testListId="8c84fa94-04c1-424b-9868-57a2d4851a1d" relativeResultsDirectory="426f2610-a5ec-43ea-a044-eae60d944d71" />
    <UnitTestResult executionId="00ffcf74-4cba-4c51-adfe-90a78bf1c504" testId="2e3726de-d91d-250e-8c00-cb8a27f6a631" testName="Cms.Service.Tests.SiteSetting.ServiceTests.GetAllAsync_WithNameFilter_ShouldReturnMatching" computerName="LAPTOP-IATLN9KI" duration="00:00:00.0059147" startTime="2026-07-06T10:47:09.3395895+07:00" endTime="2026-07-06T10:47:09.3395896+07:00" testType="13cdc9d9-ddb5-4fa4-a97d-d965ccfc6d4b" outcome="Passed" testListId="8c84fa94-04c1-424b-9868-57a2d4851a1d" relativeResultsDirectory="00ffcf74-4cba-4c51-adfe-90a78bf1c504" />
    <UnitTestResult executionId="0fe4baf2-6320-4fec-aea8-1c5046d66069" testId="f8e85e21-19a6-fc7a-8949-946e4c641e01" testName="Cms.Service.Tests.MailSvc.ServiceTests.SendMail_WithValidMailContent_ShouldNotThrow_BestEffort" computerName="LAPTOP-IATLN9KI" duration="00:00:00.1046190" startTime="2026-07-06T10:47:08.7146883+07:00" endTime="2026-07-06T10:47:08.7146890+07:00" testType="13cdc9d9-ddb5-4fa4-a97d-d965ccfc6d4b" outcome="Passed" testListId="8c84fa94-04c1-424b-9868-57a2d4851a1d" relativeResultsDirectory="0fe4baf2-6320-4fec-aea8-1c5046d66069" />
    <UnitTestResult executionId="d87df105-2d62-4e30-ba9f-b03951e69c1b" testId="22c496d7-a6db-566a-f579-14f432ed5fc0" testName="Cms.Service.Tests.SiteSetting.ServiceTests.DeleteAsync_WhenSiteSettingExists_ShouldSoftDelete" computerName="LAPTOP-IATLN9KI" duration="00:00:00.0075765" startTime="2026-07-06T10:47:09.3599871+07:00" endTime="2026-07-06T10:47:09.3599871+07:00" testType="13cdc9d9-ddb5-4fa4-a97d-d965ccfc6d4b" outcome="Passed" testListId="8c84fa94-04c1-424b-9868-57a2d4851a1d" relativeResultsDirectory="d87df105-2d62-4e30-ba9f-b03951e69c1b" />
    <UnitTestResult executionId="b3e1ae19-a3a9-46c4-9827-e729ef80f32d" testId="798ef102-e6ee-223d-d6c3-a242e06bdc8e" testName="Cms.Service.Tests.PageContent.ServiceTests.GetByIdAsync_WithChildren_ShouldBuildTree" computerName="LAPTOP-IATLN9KI" duration="00:00:00.0046781" startTime="2026-07-06T10:47:09.3213999+07:00" endTime="2026-07-06T10:47:09.3214002+07:00" testType="13cdc9d9-ddb5-4fa4-a97d-d965ccfc6d4b" outcome="Passed" testListId="8c84fa94-04c1-424b-9868-57a2d4851a1d" relativeResultsDirectory="b3e1ae19-a3a9-46c4-9827-e729ef80f32d" />
    <UnitTestResult executionId="f5a0a18a-c410-4823-b736-76de721e073c" testId="7beba8ce-a5cd-3398-1309-70c25abb4924" testName="Cms.Service.Tests.MailSvc.ServiceTests.Constructor_WithFullConfig_ShouldBindAllOptions" computerName="LAPTOP-IATLN9KI" duration="00:00:00.0128089" startTime="2026-07-06T10:47:08.6110040+07:00" endTime="2026-07-06T10:47:08.6110041+07:00" testType="13cdc9d9-ddb5-4fa4-a97d-d965ccfc6d4b" outcome="Passed" testListId="8c84fa94-04c1-424b-9868-57a2d4851a1d" relativeResultsDirectory="f5a0a18a-c410-4823-b736-76de721e073c" />
    <UnitTestResult executionId="930a91c6-f301-4bce-91b0-a5544160b47b" testId="56040cd7-8c9b-cf3d-dac7-90185ef48df8" testName="Cms.Service.Tests.Taxonomy.ServiceTests.UpdateAsync_WhenTaxonomyDoesNotExist_ShouldThrowNotFound" computerName="LAPTOP-IATLN9KI" duration="00:00:00.0014943" startTime="2026-07-06T10:47:09.3788929+07:00" endTime="2026-07-06T10:47:09.3788930+07:00" testType="13cdc9d9-ddb5-4fa4-a97d-d965ccfc6d4b" outcome="Passed" testListId="8c84fa94-04c1-424b-9868-57a2d4851a1d" relativeResultsDirectory="930a91c6-f301-4bce-91b0-a5544160b47b" />
    <UnitTestResult executionId="587bad6c-3b6a-4aaf-a8f7-39ab2fcdef6d" testId="dac2d6ea-2bf4-7cd4-d036-784650128204" testName="Cms.Service.Tests.SiteSetting.ServiceTests.GetAllAsync_WithNoData_ShouldReturnEmpty" computerName="LAPTOP-IATLN9KI" duration="00:00:00.0012348" startTime="2026-07-06T10:47:09.3333422+07:00" endTime="2026-07-06T10:47:09.3333424+07:00" testType="13cdc9d9-ddb5-4fa4-a97d-d965ccfc6d4b" outcome="Passed" testListId="8c84fa94-04c1-424b-9868-57a2d4851a1d" relativeResultsDirectory="587bad6c-3b6a-4aaf-a8f7-39ab2fcdef6d" />
    <UnitTestResult executionId="f901d895-7761-4fbc-bfac-a1216896e910" testId="675fa0e8-0fbc-1326-b904-2ac2a062730f" testName="Cms.Service.Tests.PageContent.ServiceTests.CreateAsync_WithValidRequest_ShouldCreatePageContent" computerName="LAPTOP-IATLN9KI" duration="00:00:00.0031991" startTime="2026-07-06T10:47:09.3246536+07:00" endTime="2026-07-06T10:47:09.3246537+07:00" testType="13cdc9d9-ddb5-4fa4-a97d-d965ccfc6d4b" outcome="Passed" testListId="8c84fa94-04c1-424b-9868-57a2d4851a1d" relativeResultsDirectory="f901d895-7761-4fbc-bfac-a1216896e910" />
    <UnitTestResult executionId="46eab174-917a-4869-a5d6-c8559e1113ed" testId="ed233fbb-f7e2-ff27-c28c-a26faf837537" testName="Cms.Service.Tests.JwtSvc.ServiceTests.GenerateAccessToken_WithShortKey_ShouldThrow" computerName="LAPTOP-IATLN9KI" duration="00:00:00.0007381" startTime="2026-07-06T10:47:08.6469286+07:00" endTime="2026-07-06T10:47:08.6469287+07:00" testType="13cdc9d9-ddb5-4fa4-a97d-d965ccfc6d4b" outcome="Passed" testListId="8c84fa94-04c1-424b-9868-57a2d4851a1d" relativeResultsDirectory="46eab174-917a-4869-a5d6-c8559e1113ed" />
    <UnitTestResult executionId="9167beac-6579-45ca-8e34-46160b3dc73e" testId="b27443a4-12d3-4181-2a0d-09d28704d667" testName="Cms.Service.Tests.Service.ServiceTests.GetToursAsync_KeywordFilterByTitle" computerName="LAPTOP-IATLN9KI" duration="00:00:00.0217450" startTime="2026-07-06T10:47:09.6723319+07:00" endTime="2026-07-06T10:47:09.6723321+07:00" testType="13cdc9d9-ddb5-4fa4-a97d-d965ccfc6d4b" outcome="Passed" testListId="8c84fa94-04c1-424b-9868-57a2d4851a1d" relativeResultsDirectory="9167beac-6579-45ca-8e34-46160b3dc73e" />
[...]
    <TestEntry testId="3645f5ae-d3f9-208f-8478-a28075962815" executionId="7175911c-4b44-46ac-bae0-17405e580432" testListId="8c84fa94-04c1-424b-9868-57a2d4851a1d" />
    <TestEntry testId="dae54961-dc17-1bf6-9ba2-bf653a34f567" executionId="916098dd-62b5-4be6-94ab-5fa211b6ec11" testListId="8c84fa94-04c1-424b-9868-57a2d4851a1d" />
    <TestEntry testId="4f37c582-c5bb-cf67-7c91-b55f69872dd3" executionId="797ab4f2-7f6f-42cb-8f76-64f18f61d71f" testListId="8c84fa94-04c1-424b-9868-57a2d4851a1d" />
    <TestEntry testId="70155266-77b2-77fa-5cd9-50e837a6fda7" executionId="24df59df-746e-479e-bcf3-f1b2cbeb2805" testListId="8c84fa94-04c1-424b-9868-57a2d4851a1d" />
    <TestEntry testId="5c5cfc4d-8551-da7a-32bb-3264618e55c6" executionId="c9bdb68f-9f1a-4cba-837d-fecc1d5a0a35" testListId="8c84fa94-04c1-424b-9868-57a2d4851a1d" />
    <TestEntry testId="f841364a-b82b-77e6-4ecd-1d4ddab7b1e4" executionId="793be2b1-10b0-4ed9-916f-a03507714ff6" testListId="8c84fa94-04c1-424b-9868-57a2d4851a1d" />
    <TestEntry testId="e4f1f82c-e79a-ae80-8175-0cb6e5208454" executionId="9ea25bc3-7675-4056-84b8-c40ede288a76" testListId="8c84fa94-04c1-424b-9868-57a2d4851a1d" />
    <TestEntry testId="71222b78-942f-5e0e-7d1a-466d1b06ea10" executionId="8f6ae80c-a565-4dcf-9727-bfa380b87015" testListId="8c84fa94-04c1-424b-9868-57a2d4851a1d" />
    <TestEntry testId="016b47d3-3867-3a3b-588a-f1f2cc77cd65" executionId="24dd227c-ff7e-4dc2-a40f-d2bcbc54e8eb" testListId="8c84fa94-04c1-424b-9868-57a2d4851a1d" />
    <TestEntry testId="95a2dc8e-ca70-2d70-e951-09f57301bf3b" executionId="863aaadc-40ac-4b06-bf30-4e5d5d4bc012" testListId="8c84fa94-04c1-424b-9868-57a2d4851a1d" />
    <TestEntry testId="3cd8486c-4199-da14-55dd-2bfae1902d7f" executionId="b0ef19cf-292c-4d0c-9b5d-165ba3b6559d" testListId="8c84fa94-04c1-424b-9868-57a2d4851a1d" />
    <TestEntry testId="14ef48a4-53ca-808e-f505-ead2f9adab8d" executionId="922fbdf0-1e00-45f5-9561-17f87c14c080" testListId="8c84fa94-04c1-424b-9868-57a2d4851a1d" />
    <TestEntry testId="8465758d-1279-3618-0053-d516432c24c2" executionId="ae3f8bb1-4d0d-478c-880d-cccd6023334b" testListId="8c84fa94-04c1-424b-9868-57a2d4851a1d" />
    <TestEntry testId="8b2153cc-0690-01f1-045e-ec7cd174fc45" executionId="6862310c-ee7a-428d-8a47-acbd33af419e" testListId="8c84fa94-04c1-424b-9868-57a2d4851a1d" />
    <TestEntry testId="d277f921-8f52-d914-cb32-73d15bc74238" executionId="65d2dc72-90c3-459a-8d04-48451550094f" testListId="8c84fa94-04c1-424b-9868-57a2d4851a1d" />
    <TestEntry testId="18168cf7-1b29-714b-a549-08cc0838374d" executionId="9c57cefe-3df9-45cc-bbb7-3f3539fe5130" testListId="8c84fa94-04c1-424b-9868-57a2d4851a1d" />
    <TestEntry testId="a66b82ca-13a1-bd33-9f50-2704f2be831d" executionId="f8226f33-8a39-4c29-8cb7-5c66671126f9" testListId="8c84fa94-04c1-424b-9868-57a2d4851a1d" />
    <TestEntry testId="17c74b69-2c28-10c0-0d20-75e53d82a62a" executionId="b5836556-50f6-4860-994d-203279088717" testListId="8c84fa94-04c1-424b-9868-57a2d4851a1d" />
    <TestEntry testId="ddf6dbd3-d6f3-8270-b261-b4a2e314cea0" executionId="bd2e9868-4666-4db2-9144-c923b181a343" testListId="8c84fa94-04c1-424b-9868-57a2d4851a1d" />
    <TestEntry testId="d97568dc-6059-9f53-25eb-2cb0c1e1b93a" executionId="056633df-cc4b-4b7c-957f-877b8bacc9be" testListId="8c84fa94-04c1-424b-9868-57a2d4851a1d" />
    <TestEntry testId="29e52994-5103-739b-ef86-5eb73ef8d2c4" executionId="b3a22783-4fbc-4986-afc5-d2a734efceed" testListId="8c84fa94-04c1-424b-9868-57a2d4851a1d" />
    <TestEntry testId="5adbee52-333c-168e-4e47-ff7240aa1b0f" executionId="02b2b193-81ea-44bc-ae92-3cf5d30d3b93" testListId="8c84fa94-04c1-424b-9868-57a2d4851a1d" />
    <TestEntry testId="7769c538-e2a0-e477-73ff-40148659708b" executionId="fa25a3a4-edda-417a-8eb9-b7b0a6c9e2c3" testListId="8c84fa94-04c1-424b-9868-57a2d4851a1d" />
    <TestEntry testId="da1321d1-c97c-038c-7142-9b446727d1a7" executionId="faae1d20-7168-44e1-aa5b-3112bb872afb" testListId="8c84fa94-04c1-424b-9868-57a2d4851a1d" />
    <TestEntry testId="2b33a4f0-563f-64af-24e1-562f27469b8b" executionId="516218de-72e5-4754-8b89-c165b2a60273" testListId="8c84fa94-04c1-424b-9868-57a2d4851a1d" />
    <TestEntry testId="2012cae0-6db6-a695-6465-b1d09b475607" executionId="168d6172-0916-45ca-9b15-1619c5ed3212" testListId="8c84fa94-04c1-424b-9868-57a2d4851a1d" />
    <TestEntry testId="274979dd-587d-c5db-0c72-ea9364af6962" executionId="2e46253d-5f44-4ea7-b44e-449956411d6e" testListId="8c84fa94-04c1-424b-9868-57a2d4851a1d" />
    <TestEntry testId="2d398483-74b3-dc6c-fea4-932f58417f26" executionId="8f12768d-b517-461a-be37-aaa77220eaac" testListId="8c84fa94-04c1-424b-9868-57a2d4851a1d" />
    <TestEntry testId="495356a2-5961-b9b0-2ff5-96fdaf11a781" executionId="d568feeb-d60b-44a5-9517-78f741a42652" testListId="8c84fa94-04c1-424b-9868-57a2d4851a1d" />
    <TestEntry testId="9f236f09-7fd5-987c-adba-4ed24e1c7b1a" executionId="1b29b0fd-727f-41cb-ac58-efe411171a35" testListId="8c84fa94-04c1-424b-9868-57a2d4851a1d" />
    <TestEntry testId="b42912ed-70e5-c63e-eb40-77fe1ebf59f3" executionId="512c6b08-6940-43c5-9500-063b962b90d2" testListId="8c84fa94-04c1-424b-9868-57a2d4851a1d" />
    <TestEntry testId="379d4623-c283-d35b-0010-34ef6b31407f" executionId="0fbd6a62-6be5-4474-b875-f538b9ffe12f" testListId="8c84fa94-04c1-424b-9868-57a2d4851a1d" />
    <TestEntry testId="07211a42-7513-769c-3802-844c33f3b881" executionId="b040eca3-e8b6-40c7-ab96-ccbc4e47f46b" testListId="8c84fa94-04c1-424b-9868-57a2d4851a1d" />
    <TestEntry testId="e2e73ebf-ee88-bcf1-1d56-f1b5341202df" executionId="5d7d3939-3139-495e-9ac6-c58bb95a124f" testListId="8c84fa94-04c1-424b-9868-57a2d4851a1d" />
    <TestEntry testId="b5b9e761-da8a-5343-ff11-494a0fc828a3" executionId="426f2610-a5ec-43ea-a044-eae60d944d71" testListId="8c84fa94-04c1-424b-9868-57a2d4851a1d" />
    <TestEntry testId="2e3726de-d91d-250e-8c00-cb8a27f6a631" executionId="00ffcf74-4cba-4c51-adfe-90a78bf1c504" testListId="8c84fa94-04c1-424b-9868-57a2d4851a1d" />
    <TestEntry testId="f8e85e21-19a6-fc7a-8949-946e4c641e01" executionId="0fe4baf2-6320-4fec-aea8-1c5046d66069" testListId="8c84fa94-04c1-424b-9868-57a2d4851a1d" />
    <TestEntry testId="22c496d7-a6db-566a-f579-14f432ed5fc0" executionId="d87df105-2d62-4e30-ba9f-b03951e69c1b" testListId="8c84fa94-04c1-424b-9868-57a2d4851a1d" />
    <TestEntry testId="798ef102-e6ee-223d-d6c3-a242e06bdc8e" executionId="b3e1ae19-a3a9-46c4-9827-e729ef80f32d" testListId="8c84fa94-04c1-424b-9868-57a2d4851a1d" />
    <TestEntry testId="7beba8ce-a5cd-3398-1309-70c25abb4924" executionId="f5a0a18a-c410-4823-b736-76de721e073c" testListId="8c84fa94-04c1-424b-9868-57a2d4851a1d" />
    <TestEntry testId="56040cd7-8c9b-cf3d-dac7-90185ef48df8" executionId="930a91c6-f301-4bce-91b0-a5544160b47b" testListId="8c84fa94-04c1-424b-9868-57a2d4851a1d" />
    <TestEntry testId="dac2d6ea-2bf4-7cd4-d036-784650128204" executionId="587bad6c-3b6a-4aaf-a8f7-39ab2fcdef6d" testListId="8c84fa94-04c1-424b-9868-57a2d4851a1d" />
    <TestEntry testId="675fa0e8-0fbc-1326-b904-2ac2a062730f" executionId="f901d895-7761-4fbc-bfac-a1216896e910" testListId="8c84fa94-04c1-424b-9868-57a2d4851a1d" />
    <TestEntry testId="ed233fbb-f7e2-ff27-c28c-a26faf837537" executionId="46eab174-917a-4869-a5d6-c8559e1113ed" testListId="8c84fa94-04c1-424b-9868-57a2d4851a1d" />
    <TestEntry testId="b27443a4-12d3-4181-2a0d-09d28704d667" executionId="9167beac-6579-45ca-8e34-46160b3dc73e" testListId="8c84fa94-04c1-424b-9868-57a2d4851a1d" />
    <TestEntry testId="e94fbb18-47f1-132e-6782-66eb37a5f8cf" executionId="89d5bc72-5534-4609-a5f4-488a2919fa1c" testListId="8c84fa94-04c1-424b-9868-57a2d4851a1d" />
    <TestEntry testId="e8360718-dad4-3192-ce59-479fe0ca1244" executionId="cac66229-569a-4e78-b652-cda462d0f42f" testListId="8c84fa94-04c1-424b-9868-57a2d4851a1d" />
    <TestEntry testId="cfccc263-d368-9035-455d-0b656bc7a349" executionId="51e79b6d-ce28-4926-ba7e-09be89b43c0c" testListId="8c84fa94-04c1-424b-9868-57a2d4851a1d" />
    <TestEntry testId="983891c7-a88d-0766-7c84-eb227694b29b" executionId="e96b59f6-0e06-47f4-a4ca-db18c1de2b10" testListId="8c84fa94-04c1-424b-9868-57a2d4851a1d" />
    <TestEntry testId="14151441-7b6b-553e-c844-48553cf4965d" executionId="4c553c62-7d57-4c8f-8916-0ea0c705aa86" testListId="8c84fa94-04c1-424b-9868-57a2d4851a1d" />
    <TestEntry testId="ff1ba352-30a5-4f78-4d5f-bdb179859560" executionId="1c7a3bb4-be98-43d7-8bfc-63973d71a072" testListId="8c84fa94-04c1-424b-9868-57a2d4851a1d" />
    <TestEntry testId="7bbba18c-faa3-90f1-0fd7-e47fccd4876c" executionId="52f0da28-3ddd-465d-a720-52197bb186ca" testListId="8c84fa94-04c1-424b-9868-57a2d4851a1d" />
    <TestEntry testId="3d7e18f4-1755-91ec-d173-b719327b4fca" executionId="dc6d83bc-c3be-4479-82f5-d96cb2d41513" testListId="8c84fa94-04c1-424b-9868-57a2d4851a1d" />
    <TestEntry testId="c5321e2a-2e36-1648-14a4-4e05b2a6a25f" executionId="58f72da0-6655-4744-8b7a-f5375d981178" testListId="8c84fa94-04c1-424b-9868-57a2d4851a1d" />
    <TestEntry testId="f19b68a6-985c-0b57-fe55-5cecfd0e7c6c" executionId="2edb9c85-cea4-496c-a5da-3584f13bab30" testListId="8c84fa94-04c1-424b-9868-57a2d4851a1d" />
    <TestEntry testId="011a7d73-0f5f-94c8-d5be-c1c62459dc36" executionId="a30789f6-5b48-413f-b0b0-a3ad651bcc2a" testListId="8c84fa94-04c1-424b-9868-57a2d4851a1d" />
    <TestEntry testId="6b924d96-1f0c-04cd-33a9-874b9e2278a0" executionId="f64a0fc6-0de5-4326-86ff-bd2e7f32ad82" testListId="8c84fa94-04c1-424b-9868-57a2d4851a1d" />
    <TestEntry testId="01c7a1d0-2578-8151-bffe-f408dac12c1b" executionId="fb444249-c279-4519-add4-b68e65e6674c" testListId="8c84fa94-04c1-424b-9868-57a2d4851a1d" />
    <TestEntry testId="fae187f4-bc0e-5f3a-b93d-78fa723d3380" executionId="e1829a10-af04-45ce-8d1b-277cf08985e3" testListId="8c84fa94-04c1-424b-9868-57a2d4851a1d" />
    <TestEntry testId="2b0ed884-4100-87a6-9530-0625d9e83f59" executionId="a8c28d84-9041-46c3-9fe7-3d2ef1dadcd7" testListId="8c84fa94-04c1-424b-9868-57a2d4851a1d" />
    <TestEntry testId="ba42d099-f0d4-8f3b-4b12-ce7d16358dfa" executionId="e84b7751-5fdd-4ccd-8366-0a9a4b50505a" testListId="8c84fa94-04c1-424b-9868-57a2d4851a1d" />
    <TestEntry testId="6c6f02e2-e542-47b9-80b7-d29ec568e929" executionId="32ba4fd2-d5e7-4d7d-9d3f-ca8468c1a2b4" testListId="8c84fa94-04c1-424b-9868-57a2d4851a1d" />
    <TestEntry testId="da2ff189-82f6-6747-57b6-0b1a26c1c859" executionId="711b755e-a570-4e0d-9380-1d018bb972b1" testListId="8c84fa94-04c1-424b-9868-57a2d4851a1d" />
    <TestEntry testId="4734a6bf-2b48-f8d5-71db-d66c2448b945" executionId="d9846290-221a-486e-a14d-bb554105d5bb" testListId="8c84fa94-04c1-424b-9868-57a2d4851a1d" />
    <TestEntry testId="397cd8da-2df4-fdca-d8a3-94dc48edf227" executionId="9e9a0dba-cbf8-411c-910d-d54c53937092" testListId="8c84fa94-04c1-424b-9868-57a2d4851a1d" />
    <TestEntry testId="64c9dfcc-158f-e804-5366-05f0d907f578" executionId="982b6f5b-9a03-4893-a630-14f089a9502d" testListId="8c84fa94-04c1-424b-9868-57a2d4851a1d" />
    <TestEntry testId="2f4d89ea-342f-7b2e-84b1-15f9cd4ec704" executionId="0374fa1d-230c-4a77-83f6-c00ae32502e3" testListId="8c84fa94-04c1-424b-9868-57a2d4851a1d" />
    <TestEntry testId="01ade2d0-c8ea-6b9f-213d-e04dbd596d05" executionId="b9d64d17-c2c9-492c-9b09-1b93231fa4c3" testListId="8c84fa94-04c1-424b-9868-57a2d4851a1d" />
    <TestEntry testId="31735fb7-eefe-48b3-12b1-14d2af7300da" executionId="999febfb-109a-4b61-b879-88633314ff84" testListId="8c84fa94-04c1-424b-9868-57a2d4851a1d" />
    <TestEntry testId="dd05c7be-56db-7ced-ede7-3113f6cd5b68" executionId="ace13a0a-7d9d-42e5-be26-39eeab79fe7b" testListId="8c84fa94-04c1-424b-9868-57a2d4851a1d" />
    <TestEntry testId="908dfc82-476b-1554-0bd8-d060339016ef" executionId="eb4ac455-96c4-47c3-a7df-bd2457b91152" testListId="8c84fa94-04c1-424b-9868-57a2d4851a1d" />
    <TestEntry testId="54edeed9-6516-667f-1402-dd5e167aedaf" executionId="24259ecd-b1de-49e4-82a8-c9d45c1c4151" testListId="8c84fa94-04c1-424b-9868-57a2d4851a1d" />
    <TestEntry testId="ff1a041c-9dd4-a108-6869-9191d66e1ecc" executionId="bea65c67-af4b-4342-903c-0bfa07792933" testListId="8c84fa94-04c1-424b-9868-57a2d4851a1d" />
    <TestEntry testId="e70192c4-e6dd-dd80-4278-29d824da8200" executionId="4272b386-ccc6-409c-bcb4-596ae7aa2bd2" testListId="8c84fa94-04c1-424b-9868-57a2d4851a1d" />
    <TestEntry testId="bbc4c42b-fef2-7dd5-9b48-577acca01248" executionId="607e5333-37ba-4ff1-816b-f7f0826e0710" testListId="8c84fa94-04c1-424b-9868-57a2d4851a1d" />
    <TestEntry testId="dd82f654-9752-1fad-0b9f-efa6d1d8942d" executionId="b4cfdeb7-1651-43dc-ac2e-d445eba0d11d" testListId="8c84fa94-04c1-424b-9868-57a2d4851a1d" />
    <TestEntry testId="9f0ebccb-813c-48fc-d28b-48d31fb11887" executionId="750b533a-5985-42fc-a1ac-677499f2a10d" testListId="8c84fa94-04c1-424b-9868-57a2d4851a1d" />
    <TestEntry testId="94a4ca99-8845-4c00-39b6-65afcfcbecac" executionId="db7ca634-dcbb-4dc8-9eba-214c3318128c" testListId="8c84fa94-04c1-424b-9868-57a2d4851a1d" />
    <TestEntry testId="c73719e6-0095-9763-70de-12b284fbabe8" executionId="ac069d38-2510-4ec1-95cc-e56677e3e42b" testListId="8c84fa94-04c1-424b-9868-57a2d4851a1d" />
    <TestEntry testId="b258a0c9-f08c-2573-b941-f5086de6ade6" executionId="5b65c98f-547b-49c6-8761-8eab8dbdb55d" testListId="8c84fa94-04c1-424b-9868-57a2d4851a1d" />
    <TestEntry testId="959c133b-1232-9614-74d9-1f90605bcff9" executionId="3c0a7b27-c124-4f44-84ac-f44aa72798cf" testListId="8c84fa94-04c1-424b-9868-57a2d4851a1d" />
    <TestEntry testId="ca8d6454-c105-c384-b496-eedbe488b77c" executionId="5500ee11-ae52-4e0f-8110-15df8e0b4b83" testListId="8c84fa94-04c1-424b-9868-57a2d4851a1d" />
    <TestEntry testId="0ce1cf5e-9d94-4817-6683-7f8a154a6599" executionId="8e33182d-02a9-4609-a140-18dd8ac54244" testListId="8c84fa94-04c1-424b-9868-57a2d4851a1d" />
    <TestEntry testId="cd9d944a-901e-0d73-291c-78becf028d77" executionId="329a699f-d91e-45ef-b596-25d3957573fb" testListId="8c84fa94-04c1-424b-9868-57a2d4851a1d" />
    <TestEntry testId="7a2e82cb-0333-295f-d521-be34589948e1" executionId="57ee6ef2-7748-4154-a789-343be4c8a644" testListId="8c84fa94-04c1-424b-9868-57a2d4851a1d" />
    <TestEntry testId="7c24f9d4-ce4a-6d57-e848-bd1eb9c3149e" executionId="c14ac952-9c21-492c-916d-97a8b08e3640" testListId="8c84fa94-04c1-424b-9868-57a2d4851a1d" />
    <TestEntry testId="8dd06973-118f-d5b3-ffa8-142e485d566c" executionId="1dd98f01-d828-464d-8440-6c46c1205943" testListId="8c84fa94-04c1-424b-9868-57a2d4851a1d" />
    <TestEntry testId="ef9a1fff-fde5-a8aa-dfe4-d4c723c2a6fa" executionId="94def64c-041a-461a-8296-5cdc4d5840aa" testListId="8c84fa94-04c1-424b-9868-57a2d4851a1d" />
    <TestEntry testId="f817bf87-6c0c-56fd-8fab-e3fea9ad2f61" executionId="184b6901-4fee-4b5f-bde5-860b103d0469" testListId="8c84fa94-04c1-424b-9868-57a2d4851a1d" />
    <TestEntry testId="9968ed61-1348-0faf-a358-9c1e7cc81994" executionId="581c6ded-48c1-4733-8f9c-1b1704e1fa3a" testListId="8c84fa94-04c1-424b-9868-57a2d4851a1d" />
    <TestEntry testId="d487d233-4413-fef1-2020-9aa6742bf0ac" executionId="a8364b76-0b07-468a-b36a-1ba8f835166b" testListId="8c84fa94-04c1-424b-9868-57a2d4851a1d" />
    <TestEntry testId="9f5e8777-c51d-4a99-9187-c7c5c7130d90" executionId="7767281f-255f-49bf-a90b-074b05fbe9e8" testListId="8c84fa94-04c1-424b-9868-57a2d4851a1d" />
    <TestEntry testId="31af5965-8fd5-4d25-61b4-3dfa4b7130d6" executionId="5b1f4627-1931-4a40-b3da-aea527817786" testListId="8c84fa94-04c1-424b-9868-57a2d4851a1d" />
    <TestEntry testId="dc4be855-8786-2f82-329a-7c9f355d0068" executionId="423d0eb9-fdb4-4ad2-a342-2565476e0d53" testListId="8c84fa94-04c1-424b-9868-57a2d4851a1d" />
    <TestEntry testId="22caff02-5ea9-bbd4-9a76-b4da28bae187" executionId="ecbba3eb-2166-4541-bff6-4f5a63ccf129" testListId="8c84fa94-04c1-424b-9868-57a2d4851a1d" />
    <TestEntry testId="35758b99-b940-2129-986d-f25b1a6c5521" executionId="294d4186-c260-4fe7-9177-24933dad5479" testListId="8c84fa94-04c1-424b-9868-57a2d4851a1d" />
    <TestEntry testId="d5bf5ff6-bb21-1191-8292-69387f8f13dc" executionId="c1f59fa3-0780-4352-8773-a79decd5c3e4" testListId="8c84fa94-04c1-424b-9868-57a2d4851a1d" />
    <TestEntry testId="da0c3540-7ba4-3b70-a595-82c6eccbcdc7" executionId="2a2ec05c-4570-4c8c-88d8-05b0beabb9b8" testListId="8c84fa94-04c1-424b-9868-57a2d4851a1d" />
    <TestEntry testId="441cf4c5-f213-519a-e3da-17fc8b349db0" executionId="82d740cc-d897-4838-88fd-7c7bcdf5b29c" testListId="8c84fa94-04c1-424b-9868-57a2d4851a1d" />
    <TestEntry testId="9a46bef6-a455-53d4-0027-b520bfff8f60" executionId="ab67ea73-c813-400c-aa7f-2af5e4bc75db" testListId="8c84fa94-04c1-424b-9868-57a2d4851a1d" />
    <TestEntry testId="91d4ec61-cff1-e38c-017c-2d15f50762bd" executionId="23273152-79e2-4b8e-998b-8c1203e231df" testListId="8c84fa94-04c1-424b-9868-57a2d4851a1d" />
    <TestEntry testId="1761744e-b28c-5d2f-2ad4-7c608a015af3" executionId="e66ded32-0fcd-49ac-bbe9-4ad4c5420b01" testListId="8c84fa94-04c1-424b-9868-57a2d4851a1d" />
    <TestEntry testId="5e89a94f-7fce-ad88-7751-cb083188d1bc" executionId="dcb69cca-fad4-400a-93c8-c42d1903c144" testListId="8c84fa94-04c1-424b-9868-57a2d4851a1d" />
    <TestEntry testId="c8b7a281-9787-7b71-57dd-78b9ced55549" executionId="eacf9576-82df-466b-a738-52962b899218" testListId="8c84fa94-04c1-424b-9868-57a2d4851a1d" />
    <TestEntry testId="4b728bf8-a295-157e-ee03-c95fdf88924c" executionId="55d7185c-cfe0-449e-b502-2f782f39c57f" testListId="8c84fa94-04c1-424b-9868-57a2d4851a1d" />
    <TestEntry testId="bddfe299-750b-0443-b471-6e4627db15c3" executionId="2dc867d5-bcc6-4ccf-94f7-e34dbdd33a2c" testListId="8c84fa94-04c1-424b-9868-57a2d4851a1d" />
    <TestEntry testId="10eba221-14d2-cc3f-c90f-e3d1aaddc5bb" executionId="35202779-8a43-400f-874c-3470218b2970" testListId="8c84fa94-04c1-424b-9868-57a2d4851a1d" />
    <TestEntry testId="0c543da2-edac-871f-b55e-3666377e5c52" executionId="24f9ba26-96ef-47de-8ee1-8c016e493544" testListId="8c84fa94-04c1-424b-9868-57a2d4851a1d" />
    <TestEntry testId="3fc4f09e-01fa-9594-cf9c-ae9e6c29693f" executionId="52650432-40bc-4c1a-99ba-1fe8fd312208" testListId="8c84fa94-04c1-424b-9868-57a2d4851a1d" />
    <TestEntry testId="b3131c35-431e-1d35-5cd3-1cf040e55e1e" executionId="1d84e183-6cda-44fb-a2d1-5a4e587ec28c" testListId="8c84fa94-04c1-424b-9868-57a2d4851a1d" />
    <TestEntry testId="7a1bde8f-c66a-c770-5072-604b28bbcd9a" executionId="b23427ef-b30e-46c4-aa51-dc945489f241" testListId="8c84fa94-04c1-424b-9868-57a2d4851a1d" />
  </TestEntries>
  <TestLists>
    <TestList name="Results Not in a List" id="8c84fa94-04c1-424b-9868-57a2d4851a1d" />
    <TestList name="All Loaded Results" id="19431567-8539-422a-85d7-44ee4e166bda" />
  </TestLists>
  <ResultSummary outcome="Completed">
    <Counters total="208" executed="207" passed="207" failed="0" error="0" timeout="0" aborted="0" inconclusive="0" passedButRunAborted="0" notRunnable="0" notExecuted="0" disconnected="0" warning="0" completed="0" inProgress="0" pending="0" />
    <Output>
      <StdOut>[xUnit.net 00:00:00.00] xUnit.net VSTest Adapter v2.5.3.1+6b60a9e56a (64-bit .NET 8.0.22)&#xD;
[xUnit.net 00:00:00.05]   Discovering: Cms.Service.Tests&#xD;
[xUnit.net 00:00:00.09]   Discovered:  Cms.Service.Tests&#xD;
[xUnit.net 00:00:00.10]   Starting:    Cms.Service.Tests&#xD;
[mail] send failed (best-effort): No such host is known.&#xD;
[xUnit.net 00:00:00.90]       EF Core InMemory provider không hỗ trợ ExecuteUpdateAsync (bulk update) — CascadeRenameAsync cần SQL provider/SQLite để test. Logic cascade đã được review mã.&#xD;
Test 'Cms.Service.Tests.Taxonomy.ServiceTests.UpdateAsync_WhenRenameRegion_ShouldCascadeToServices' was skipped in the test run.&#xD;
[xUnit.net 00:00:01.31]   Finished:    Cms.Service.Tests&#xD;
</StdOut>
    </Output>
    <RunInfos>
      <RunInfo computerName="LAPTOP-IATLN9KI" outcome="Warning" timestamp="2026-07-06T10:47:09.3660489+07:00">
        <Text>[xUnit.net 00:00:00.90]     Cms.Service.Tests.Taxonomy.ServiceTests.UpdateAsync_WhenRenameRegion_ShouldCascadeToServices [SKIP]</Text>
      </RunInfo>
    </RunInfos>
  </ResultSummary>
</TestRun>